<?xml version="1.0" ?>
<coverage branch-rate="0.1244" branches-covered="222" branches-valid="1785" complexity="0" line-rate="0.2473" lines-covered="1262" lines-valid="5103" timestamp="1557826182577" version="4.5.3">
	<!-- Generated by coverage.py: https://coverage.readthedocs.io -->
	<!-- Based on https://raw.githubusercontent.com/cobertura/web/master/htdocs/xml/coverage-04.dtd -->
	<sources>
		<source>/home/apollo/my-first-blog</source>
	</sources>
	<packages>
		<package branch-rate="1" complexity="0" line-rate="0.7667" name="blog">
			<classes>
				<class branch-rate="1" complexity="0" filename="blog/admin.py" line-rate="1" name="admin.py">
					<methods/>
					<lines>
						<line hits="1" number="1"/>
						<line hits="1" number="2"/>
						<line hits="1" number="4"/>
					</lines>
				</class>
				<class branch-rate="1" complexity="0" filename="blog/models.py" line-rate="0.7857" name="models.py">
					<methods/>
					<lines>
						<line hits="1" number="1"/>
						<line hits="1" number="2"/>
						<line hits="1" number="3"/>
						<line hits="1" number="5"/>
						<line hits="1" number="6"/>
						<line hits="1" number="7"/>
						<line hits="1" number="8"/>
						<line hits="1" number="9"/>
						<line hits="1" number="10"/>
						<line hits="1" number="12"/>
						<line hits="0" number="13"/>
						<line hits="0" number="14"/>
						<line hits="1" number="16"/>
						<line hits="0" number="17"/>
					</lines>
				</class>
				<class branch-rate="1" complexity="0" filename="blog/tests.py" line-rate="1" name="tests.py">
					<methods/>
					<lines>
						<line hits="1" number="1"/>
					</lines>
				</class>
				<class branch-rate="1" complexity="0" filename="blog/urls.py" line-rate="1" name="urls.py">
					<methods/>
					<lines>
						<line hits="1" number="1"/>
						<line hits="1" number="2"/>
						<line hits="1" number="4"/>
					</lines>
				</class>
				<class branch-rate="1" complexity="0" filename="blog/views.py" line-rate="0.5556" name="views.py">
					<methods/>
					<lines>
						<line hits="1" number="1"/>
						<line hits="1" number="2"/>
						<line hits="1" number="3"/>
						<line hits="1" number="5"/>
						<line hits="0" number="6"/>
						<line hits="0" number="7"/>
						<line hits="1" number="10"/>
						<line hits="0" number="11"/>
						<line hits="0" number="12"/>
					</lines>
				</class>
			</classes>
		</package>
		<package branch-rate="0.141" complexity="0" line-rate="0.1275" name="myvenv.lib.python3.5.site-packages.django.contrib.admin">
			<classes>
				<class branch-rate="1" complexity="0" filename="myvenv/lib/python3.5/site-packages/django/contrib/admin/__init__.py" line-rate="0.1" name="__init__.py">
					<methods/>
					<lines>
						<line hits="0" number="3"/>
						<line hits="0" number="4"/>
						<line hits="0" number="9"/>
						<line hits="0" number="10"/>
						<line hits="0" number="13"/>
						<line hits="0" number="14"/>
						<line hits="0" number="16"/>
						<line hits="0" number="25"/>
						<line hits="1" number="26"/>
						<line hits="0" number="29"/>
					</lines>
				</class>
				<class branch-rate="1" complexity="0" filename="myvenv/lib/python3.5/site-packages/django/contrib/admin/apps.py" line-rate="0.2857" name="apps.py">
					<methods/>
					<lines>
						<line hits="0" number="1"/>
						<line hits="0" number="2"/>
						<line hits="0" number="3"/>
						<line hits="0" number="4"/>
						<line hits="0" number="7"/>
						<line hits="0" number="10"/>
						<line hits="0" number="11"/>
						<line hits="0" number="13"/>
						<line hits="1" number="14"/>
						<line hits="1" number="15"/>
						<line hits="0" number="18"/>
						<line hits="0" number="21"/>
						<line hits="1" number="22"/>
						<line hits="1" number="23"/>
					</lines>
				</class>
				<class branch-rate="0.3772" complexity="0" filename="myvenv/lib/python3.5/site-packages/django/contrib/admin/checks.py" line-rate="0.3189" name="checks.py">
					<methods/>
					<lines>
						<line hits="0" number="1"/>
						<line hits="0" number="3"/>
						<line hits="0" number="4"/>
						<line hits="0" number="5"/>
						<line hits="0" number="8"/>
						<line hits="0" number="9"/>
						<line hits="0" number="10"/>
						<line hits="0" number="11"/>
						<line hits="0" number="12"/>
						<line hits="0" number="13"/>
						<line hits="0" number="16"/>
						<line hits="0" number="19"/>
						<line hits="1" number="20"/>
						<line hits="1" number="21"/>
						<line branch="true" condition-coverage="100% (2/2)" hits="1" number="22"/>
						<line hits="1" number="23"/>
						<line hits="1" number="24"/>
						<line hits="0" number="27"/>
						<line hits="1" number="31"/>
						<line branch="true" condition-coverage="50% (1/2)" hits="1" missing-branches="34" number="33"/>
						<line hits="0" number="34"/>
						<line hits="0" number="39"/>
						<line hits="1" number="42"/>
						<line hits="1" number="43"/>
						<line hits="0" number="44"/>
						<line hits="0" number="52"/>
						<line branch="true" condition-coverage="50% (1/2)" hits="1" missing-branches="57" number="54"/>
						<line hits="0" number="57"/>
						<line hits="0" number="62"/>
						<line hits="1" number="63"/>
						<line hits="0" number="66"/>
						<line hits="0" number="68"/>
						<line hits="1" number="69"/>
						<line hits="1" number="70"/>
						<line hits="1" number="71"/>
						<line hits="1" number="72"/>
						<line hits="1" number="73"/>
						<line hits="1" number="74"/>
						<line hits="1" number="75"/>
						<line hits="1" number="76"/>
						<line hits="1" number="77"/>
						<line hits="1" number="78"/>
						<line hits="1" number="79"/>
						<line hits="1" number="80"/>
						<line hits="1" number="81"/>
						<line hits="1" number="82"/>
						<line hits="1" number="83"/>
						<line hits="0" number="85"/>
						<line branch="true" condition-coverage="50% (1/2)" hits="1" missing-branches="90" number="89"/>
						<line hits="0" number="90"/>
						<line branch="true" condition-coverage="100% (2/2)" hits="1" number="92"/>
						<line hits="0" number="97"/>
						<line hits="0" number="103"/>
						<line hits="0" number="104"/>
						<line hits="0" number="105"/>
						<line hits="0" number="106"/>
						<line branch="true" condition-coverage="0% (0/2)" hits="0" missing-branches="109,113" number="108"/>
						<line hits="0" number="109"/>
						<line hits="0" number="113"/>
						<line branch="true" condition-coverage="0% (0/2)" hits="0" missing-branches="115,126" number="114"/>
						<line hits="0" number="115"/>
						<line branch="true" condition-coverage="0% (0/2)" hits="0" missing-branches="127,138" number="126"/>
						<line hits="0" number="127"/>
						<line hits="0" number="138"/>
						<line hits="0" number="140"/>
						<line branch="true" condition-coverage="50% (1/2)" hits="1" missing-branches="145" number="144"/>
						<line hits="0" number="145"/>
						<line branch="true" condition-coverage="100% (2/2)" hits="1" number="147"/>
						<line hits="0" number="152"/>
						<line hits="0" number="157"/>
						<line hits="0" number="158"/>
						<line hits="0" number="159"/>
						<line hits="0" number="160"/>
						<line branch="true" condition-coverage="0% (0/2)" hits="0" missing-branches="164,167" number="163"/>
						<line hits="0" number="164"/>
						<line hits="0" number="167"/>
						<line hits="0" number="169"/>
						<line branch="true" condition-coverage="50% (1/2)" hits="1" missing-branches="176" number="174"/>
						<line hits="1" number="175"/>
						<line branch="true" condition-coverage="0% (0/2)" hits="0" missing-branches="177,178" number="176"/>
						<line hits="0" number="177"/>
						<line branch="true" condition-coverage="0% (0/2)" hits="0" missing-branches="179,186" number="178"/>
						<line hits="0" number="179"/>
						<line hits="0" number="186"/>
						<line branch="true" condition-coverage="0% (0/2)" hits="0" missing-branches="188,196" number="187"/>
						<line hits="0" number="188"/>
						<line branch="true" condition-coverage="0% (0/2)" hits="0" missing-branches="exit,exit" number="196"/>
						<line hits="0" number="201"/>
						<line branch="true" condition-coverage="100% (2/2)" hits="1" number="205"/>
						<line hits="1" number="206"/>
						<line branch="true" condition-coverage="50% (1/2)" hits="1" missing-branches="208" number="207"/>
						<line hits="0" number="208"/>
						<line branch="true" condition-coverage="100% (2/2)" hits="1" number="210"/>
						<line hits="0" number="215"/>
						<line branch="true" condition-coverage="50% (1/2)" hits="1" missing-branches="220" number="219"/>
						<line hits="0" number="220"/>
						<line branch="true" condition-coverage="50% (1/2)" hits="1" missing-branches="222" number="221"/>
						<line hits="0" number="222"/>
						<line branch="true" condition-coverage="50% (1/2)" hits="1" missing-branches="224" number="223"/>
						<line hits="0" number="224"/>
						<line branch="true" condition-coverage="50% (1/2)" hits="1" missing-branches="226" number="225"/>
						<line hits="0" number="226"/>
						<line branch="true" condition-coverage="50% (1/2)" hits="1" missing-branches="234" number="233"/>
						<line hits="0" number="234"/>
						<line hits="1" number="236"/>
						<line branch="true" condition-coverage="50% (1/2)" hits="1" missing-branches="238" number="237"/>
						<line hits="0" number="238"/>
						<line branch="true" condition-coverage="100% (2/2)" hits="1" number="245"/>
						<line hits="0" number="250"/>
						<line branch="true" condition-coverage="50% (1/2)" hits="1" missing-branches="256" number="255"/>
						<line branch="true" condition-coverage="0% (0/2)" hits="0" missing-branches="exit,exit" number="256"/>
						<line hits="1" number="261"/>
						<line hits="0" number="263"/>
						<line branch="true" condition-coverage="50% (1/2)" hits="1" missing-branches="268" number="264"/>
						<line hits="0" number="268"/>
						<line hits="1" number="270"/>
						<line hits="1" number="271"/>
						<line hits="0" number="272"/>
						<line hits="0" number="275"/>
						<line branch="true" condition-coverage="50% (1/2)" hits="1" missing-branches="279" number="277"/>
						<line hits="0" number="279"/>
						<line hits="1" number="289"/>
						<line hits="0" number="291"/>
						<line branch="true" condition-coverage="50% (1/2)" hits="1" missing-branches="296" number="294"/>
						<line hits="1" number="295"/>
						<line branch="true" condition-coverage="0% (0/2)" hits="0" missing-branches="297,298" number="296"/>
						<line hits="0" number="297"/>
						<line branch="true" condition-coverage="0% (0/2)" hits="0" missing-branches="299,307" number="298"/>
						<line hits="0" number="299"/>
						<line hits="0" number="307"/>
						<line hits="0" number="309"/>
						<line branch="true" condition-coverage="50% (1/2)" hits="1" missing-branches="312" number="311"/>
						<line hits="0" number="312"/>
						<line hits="1" number="315"/>
						<line hits="0" number="317"/>
						<line branch="true" condition-coverage="50% (1/2)" hits="1" missing-branches="320" number="319"/>
						<line hits="0" number="320"/>
						<line branch="true" condition-coverage="100% (2/2)" hits="1" number="322"/>
						<line hits="0" number="327"/>
						<line branch="true" condition-coverage="50% (1/2)" hits="1" missing-branches="330" number="329"/>
						<line hits="0" number="330"/>
						<line branch="true" condition-coverage="100% (2/2)" hits="1" number="332"/>
						<line hits="0" number="337"/>
						<line hits="1" number="341"/>
						<line hits="1" number="342"/>
						<line hits="0" number="343"/>
						<line hits="0" number="344"/>
						<line branch="true" condition-coverage="50% (1/2)" hits="1" missing-branches="348" number="347"/>
						<line hits="0" number="348"/>
						<line hits="1" number="350"/>
						<line hits="0" number="352"/>
						<line branch="true" condition-coverage="50% (1/2)" hits="1" missing-branches="355" number="354"/>
						<line hits="0" number="355"/>
						<line branch="true" condition-coverage="100% (2/2)" hits="1" number="357"/>
						<line hits="0" number="363"/>
						<line hits="0" number="367"/>
						<line hits="0" number="368"/>
						<line hits="0" number="369"/>
						<line hits="0" number="370"/>
						<line branch="true" condition-coverage="0% (0/2)" hits="0" missing-branches="374,385" number="373"/>
						<line hits="0" number="374"/>
						<line hits="0" number="385"/>
						<line hits="0" number="387"/>
						<line hits="0" number="390"/>
						<line branch="true" condition-coverage="0% (0/2)" hits="0" missing-branches="393,401" number="392"/>
						<line hits="0" number="393"/>
						<line hits="0" number="401"/>
						<line hits="0" number="403"/>
						<line branch="true" condition-coverage="50% (1/2)" hits="1" missing-branches="405" number="404"/>
						<line hits="0" number="405"/>
						<line hits="1" number="413"/>
						<line hits="0" number="415"/>
						<line branch="true" condition-coverage="50% (1/2)" hits="1" missing-branches="419" number="418"/>
						<line hits="0" number="419"/>
						<line branch="true" condition-coverage="100% (2/2)" hits="1" number="421"/>
						<line hits="0" number="427"/>
						<line hits="0" number="432"/>
						<line hits="0" number="433"/>
						<line hits="0" number="434"/>
						<line hits="0" number="435"/>
						<line branch="true" condition-coverage="0% (0/2)" hits="0" missing-branches="439,448" number="438"/>
						<line hits="0" number="439"/>
						<line hits="0" number="448"/>
						<line hits="0" number="450"/>
						<line branch="true" condition-coverage="0% (0/2)" hits="0" missing-branches="455,457" number="454"/>
						<line hits="0" number="455"/>
						<line branch="true" condition-coverage="0% (0/2)" hits="0" missing-branches="exit,exit" number="457"/>
						<line hits="0" number="462"/>
						<line hits="0" number="466"/>
						<line hits="0" number="467"/>
						<line hits="0" number="468"/>
						<line hits="0" number="469"/>
						<line hits="0" number="471"/>
						<line hits="0" number="473"/>
						<line branch="true" condition-coverage="50% (1/2)" hits="1" missing-branches="478" number="477"/>
						<line hits="0" number="478"/>
						<line branch="true" condition-coverage="50% (1/2)" hits="1" missing-branches="480" number="479"/>
						<line hits="0" number="480"/>
						<line branch="true" condition-coverage="100% (2/2)" hits="1" number="482"/>
						<line hits="0" number="487"/>
						<line branch="true" condition-coverage="50% (1/2)" hits="1" missing-branches="490" number="489"/>
						<line branch="true" condition-coverage="0% (0/2)" hits="0" missing-branches="491,492" number="490"/>
						<line hits="0" number="491"/>
						<line branch="true" condition-coverage="0% (0/2)" hits="0" missing-branches="493,495" number="492"/>
						<line hits="0" number="493"/>
						<line hits="0" number="495"/>
						<line branch="true" condition-coverage="50% (1/2)" hits="1" missing-branches="497" number="496"/>
						<line hits="0" number="497"/>
						<line branch="true" condition-coverage="50% (1/2)" hits="1" missing-branches="507" number="506"/>
						<line hits="0" number="507"/>
						<line branch="true" condition-coverage="50% (1/2)" hits="1" missing-branches="511" number="508"/>
						<line hits="0" number="511"/>
						<line branch="true" condition-coverage="50% (1/2)" hits="1" missing-branches="514" number="513"/>
						<line hits="0" number="514"/>
						<line branch="true" condition-coverage="50% (1/2)" hits="1" missing-branches="516" number="515"/>
						<line hits="0" number="516"/>
						<line hits="1" number="517"/>
						<line hits="1" number="518"/>
						<line hits="0" number="519"/>
						<line hits="0" number="520"/>
						<line hits="1" number="522"/>
						<line hits="0" number="524"/>
						<line branch="true" condition-coverage="50% (1/2)" hits="1" missing-branches="529" number="527"/>
						<line hits="1" number="528"/>
						<line branch="true" condition-coverage="0% (0/2)" hits="0" missing-branches="530,532" number="529"/>
						<line hits="0" number="530"/>
						<line branch="true" condition-coverage="0% (0/2)" hits="0" missing-branches="exit,exit" number="532"/>
						<line hits="0" number="537"/>
						<line branch="true" condition-coverage="0% (0/2)" hits="0" missing-branches="539,540" number="538"/>
						<line hits="0" number="539"/>
						<line branch="true" condition-coverage="0% (0/2)" hits="0" missing-branches="541,542" number="540"/>
						<line hits="0" number="541"/>
						<line branch="true" condition-coverage="0% (0/2)" hits="0" missing-branches="543,545" number="542"/>
						<line hits="0" number="543"/>
						<line hits="0" number="545"/>
						<line hits="0" number="546"/>
						<line hits="0" number="547"/>
						<line hits="0" number="548"/>
						<line hits="0" number="558"/>
						<line hits="0" number="561"/>
						<line hits="0" number="563"/>
						<line hits="1" number="564"/>
						<line hits="1" number="565"/>
						<line hits="1" number="566"/>
						<line hits="1" number="567"/>
						<line hits="1" number="568"/>
						<line hits="1" number="569"/>
						<line hits="1" number="570"/>
						<line hits="1" number="571"/>
						<line hits="1" number="572"/>
						<line hits="1" number="573"/>
						<line hits="1" number="574"/>
						<line hits="1" number="575"/>
						<line hits="1" number="576"/>
						<line hits="1" number="577"/>
						<line hits="0" number="579"/>
						<line branch="true" condition-coverage="50% (1/2)" hits="1" missing-branches="583" number="582"/>
						<line hits="0" number="583"/>
						<line hits="1" number="586"/>
						<line hits="0" number="588"/>
						<line branch="true" condition-coverage="50% (1/2)" hits="1" missing-branches="592" number="591"/>
						<line hits="0" number="592"/>
						<line hits="1" number="595"/>
						<line hits="0" number="597"/>
						<line branch="true" condition-coverage="50% (1/2)" hits="1" missing-branches="601" number="600"/>
						<line hits="0" number="601"/>
						<line branch="true" condition-coverage="100% (2/2)" hits="1" number="603"/>
						<line hits="0" number="608"/>
						<line hits="0" number="610"/>
						<line hits="0" number="612"/>
						<line branch="true" condition-coverage="0% (0/2)" hits="0" missing-branches="615,622" number="614"/>
						<line hits="0" number="615"/>
						<line branch="true" condition-coverage="0% (0/2)" hits="0" missing-branches="623,630" number="622"/>
						<line hits="0" number="623"/>
						<line branch="true" condition-coverage="0% (0/2)" hits="0" missing-branches="631,633" number="630"/>
						<line hits="0" number="631"/>
						<line hits="0" number="633"/>
						<line hits="0" number="635"/>
						<line branch="true" condition-coverage="50% (1/2)" hits="1" missing-branches="640" number="639"/>
						<line hits="0" number="640"/>
						<line branch="true" condition-coverage="100% (2/2)" hits="1" number="642"/>
						<line hits="0" number="647"/>
						<line branch="true" condition-coverage="50% (1/2)" hits="1" missing-branches="649" number="648"/>
						<line hits="0" number="649"/>
						<line branch="true" condition-coverage="100% (2/2)" hits="1" number="650"/>
						<line hits="1" number="651"/>
						<line branch="true" condition-coverage="50% (1/2)" hits="1" missing-branches="684" number="652"/>
						<line hits="1" number="654"/>
						<line hits="1" number="655"/>
						<line hits="0" number="656"/>
						<line hits="0" number="657"/>
						<line hits="0" number="658"/>
						<line hits="0" number="659"/>
						<line hits="0" number="660"/>
						<line branch="true" condition-coverage="50% (1/2)" hits="1" missing-branches="663" number="662"/>
						<line hits="0" number="663"/>
						<line branch="true" condition-coverage="50% (1/2)" hits="1" missing-branches="674" number="673"/>
						<line hits="0" number="674"/>
						<line hits="1" number="682"/>
						<line hits="0" number="684"/>
						<line hits="0" number="685"/>
						<line hits="0" number="686"/>
						<line hits="0" number="687"/>
						<line hits="0" number="700"/>
						<line hits="0" number="702"/>
						<line hits="1" number="705"/>
						<line branch="true" condition-coverage="50% (1/2)" hits="1" missing-branches="708" number="707"/>
						<line hits="0" number="708"/>
						<line branch="true" condition-coverage="50% (1/2)" hits="1" missing-branches="710" number="709"/>
						<line hits="0" number="710"/>
						<line branch="true" condition-coverage="50% (1/2)" hits="1" missing-branches="717" number="712"/>
						<line branch="true" condition-coverage="100% (2/2)" hits="1" number="713"/>
						<line hits="0" number="717"/>
						<line hits="0" number="719"/>
						<line branch="true" condition-coverage="0% (0/2)" hits="0" missing-branches="721,731" number="720"/>
						<line hits="0" number="721"/>
						<line hits="0" number="731"/>
						<line hits="0" number="733"/>
						<line branch="true" condition-coverage="50% (1/2)" hits="1" missing-branches="735" number="734"/>
						<line hits="0" number="735"/>
						<line branch="true" condition-coverage="100% (2/2)" hits="1" number="737"/>
						<line hits="0" number="742"/>
						<line hits="1" number="751"/>
						<line branch="true" condition-coverage="50% (1/2)" hits="1" missing-branches="755" number="753"/>
						<line branch="true" condition-coverage="0% (0/2)" hits="0" missing-branches="756,759" number="755"/>
						<line hits="0" number="756"/>
						<line branch="true" condition-coverage="0% (0/2)" hits="0" missing-branches="760,768" number="759"/>
						<line hits="0" number="760"/>
						<line hits="0" number="768"/>
						<line branch="true" condition-coverage="50% (1/2)" hits="1" missing-branches="771" number="769"/>
						<line hits="0" number="771"/>
						<line branch="true" condition-coverage="0% (0/2)" hits="0" missing-branches="773,775" number="772"/>
						<line hits="0" number="773"/>
						<line hits="0" number="775"/>
						<line hits="1" number="778"/>
						<line hits="1" number="781"/>
						<line hits="1" number="782"/>
						<line hits="0" number="783"/>
						<line hits="0" number="784"/>
						<line hits="1" number="792"/>
						<line hits="0" number="794"/>
						<line branch="true" condition-coverage="50% (1/2)" hits="1" missing-branches="798" number="797"/>
						<line hits="0" number="798"/>
						<line hits="1" number="800"/>
						<line hits="0" number="802"/>
						<line branch="true" condition-coverage="50% (1/2)" hits="1" missing-branches="806" number="805"/>
						<line hits="0" number="806"/>
						<line hits="1" number="808"/>
						<line hits="0" number="810"/>
						<line branch="true" condition-coverage="50% (1/2)" hits="1" missing-branches="814" number="813"/>
						<line hits="0" number="814"/>
						<line hits="1" number="816"/>
						<line hits="0" number="818"/>
						<line branch="true" condition-coverage="50% (1/2)" hits="1" missing-branches="823" number="822"/>
						<line hits="0" number="823"/>
						<line branch="true" condition-coverage="100% (2/2)" hits="1" number="825"/>
						<line hits="0" number="830"/>
						<line hits="0" number="831"/>
						<line hits="0" number="832"/>
						<line hits="0" number="833"/>
						<line hits="0" number="834"/>
						<line branch="true" condition-coverage="0% (0/2)" hits="0" missing-branches="837,845" number="836"/>
						<line hits="0" number="837"/>
						<line branch="true" condition-coverage="0% (0/2)" hits="0" missing-branches="846,855" number="845"/>
						<line hits="0" number="846"/>
						<line branch="true" condition-coverage="0% (0/2)" hits="0" missing-branches="857,867" number="855"/>
						<line hits="0" number="857"/>
						<line branch="true" condition-coverage="0% (0/2)" hits="0" missing-branches="868,878" number="867"/>
						<line hits="0" number="868"/>
						<line hits="0" number="878"/>
						<line hits="0" number="880"/>
						<line branch="true" condition-coverage="50% (1/2)" hits="1" missing-branches="884" number="883"/>
						<line hits="0" number="884"/>
						<line hits="1" number="886"/>
						<line hits="0" number="888"/>
						<line branch="true" condition-coverage="50% (1/2)" hits="1" missing-branches="894" number="891"/>
						<line hits="1" number="892"/>
						<line hits="0" number="894"/>
						<line hits="0" number="895"/>
						<line hits="0" number="896"/>
						<line hits="0" number="897"/>
						<line branch="true" condition-coverage="0% (0/2)" hits="0" missing-branches="907,909" number="906"/>
						<line hits="0" number="907"/>
						<line hits="0" number="909"/>
						<line hits="0" number="912"/>
						<line hits="0" number="914"/>
						<line hits="0" number="915"/>
						<line hits="0" number="916"/>
						<line hits="0" number="917"/>
						<line hits="0" number="918"/>
						<line hits="0" number="919"/>
						<line hits="0" number="920"/>
						<line hits="0" number="921"/>
						<line hits="0" number="922"/>
						<line hits="0" number="923"/>
						<line hits="0" number="925"/>
						<line hits="0" number="928"/>
						<line branch="true" condition-coverage="0% (0/2)" hits="0" missing-branches="930,933" number="929"/>
						<line hits="0" number="930"/>
						<line branch="true" condition-coverage="0% (0/2)" hits="0" missing-branches="934,936" number="933"/>
						<line hits="0" number="934"/>
						<line branch="true" condition-coverage="0% (0/2)" hits="0" missing-branches="937,939" number="936"/>
						<line hits="0" number="937"/>
						<line hits="0" number="939"/>
						<line branch="true" condition-coverage="0% (0/2)" hits="0" missing-branches="941,952" number="940"/>
						<line hits="0" number="941"/>
						<line hits="0" number="952"/>
						<line hits="0" number="954"/>
						<line hits="0" number="955"/>
						<line hits="0" number="956"/>
						<line hits="0" number="957"/>
						<line hits="0" number="958"/>
						<line hits="0" number="960"/>
						<line hits="0" number="962"/>
						<line branch="true" condition-coverage="0% (0/2)" hits="0" missing-branches="966,968" number="965"/>
						<line hits="0" number="966"/>
						<line hits="0" number="968"/>
						<line hits="0" number="970"/>
						<line branch="true" condition-coverage="0% (0/2)" hits="0" missing-branches="974,975" number="973"/>
						<line hits="0" number="974"/>
						<line branch="true" condition-coverage="0% (0/2)" hits="0" missing-branches="976,978" number="975"/>
						<line hits="0" number="976"/>
						<line hits="0" number="978"/>
						<line hits="0" number="980"/>
						<line branch="true" condition-coverage="0% (0/2)" hits="0" missing-branches="984,985" number="983"/>
						<line hits="0" number="984"/>
						<line branch="true" condition-coverage="0% (0/2)" hits="0" missing-branches="986,988" number="985"/>
						<line hits="0" number="986"/>
						<line hits="0" number="988"/>
						<line hits="0" number="990"/>
						<line branch="true" condition-coverage="0% (0/2)" hits="0" missing-branches="994,996" number="993"/>
						<line hits="0" number="994"/>
						<line hits="0" number="996"/>
						<line hits="0" number="999"/>
						<line hits="0" number="1000"/>
						<line hits="0" number="1009"/>
						<line hits="0" number="1010"/>
						<line hits="0" number="1019"/>
						<line hits="0" number="1020"/>
					</lines>
				</class>
				<class branch-rate="0.5" complexity="0" filename="myvenv/lib/python3.5/site-packages/django/contrib/admin/decorators.py" line-rate="0.7143" name="decorators.py">
					<methods/>
					<lines>
						<line hits="0" number="1"/>
						<line hits="1" number="12"/>
						<line hits="1" number="13"/>
						<line hits="1" number="15"/>
						<line branch="true" condition-coverage="50% (1/2)" hits="1" missing-branches="17" number="16"/>
						<line hits="0" number="17"/>
						<line hits="1" number="19"/>
						<line branch="true" condition-coverage="50% (1/2)" hits="1" missing-branches="22" number="21"/>
						<line hits="0" number="22"/>
						<line branch="true" condition-coverage="50% (1/2)" hits="1" missing-branches="25" number="24"/>
						<line hits="0" number="25"/>
						<line hits="1" number="27"/>
						<line hits="1" number="29"/>
						<line hits="1" number="30"/>
					</lines>
				</class>
				<class branch-rate="0" complexity="0" filename="myvenv/lib/python3.5/site-packages/django/contrib/admin/models.py" line-rate="0.4458" name="models.py">
					<methods/>
					<lines>
						<line hits="1" number="1"/>
						<line hits="1" number="3"/>
						<line hits="1" number="4"/>
						<line hits="1" number="5"/>
						<line hits="1" number="6"/>
						<line hits="1" number="7"/>
						<line hits="1" number="8"/>
						<line hits="1" number="9"/>
						<line hits="1" number="10"/>
						<line hits="1" number="12"/>
						<line hits="1" number="13"/>
						<line hits="1" number="14"/>
						<line hits="1" number="17"/>
						<line hits="1" number="18"/>
						<line hits="1" number="20"/>
						<line branch="true" condition-coverage="0% (0/2)" hits="0" missing-branches="22,23" number="21"/>
						<line hits="0" number="22"/>
						<line hits="0" number="23"/>
						<line hits="1" number="33"/>
						<line hits="1" number="34"/>
						<line hits="1" number="39"/>
						<line hits="1" number="44"/>
						<line hits="1" number="50"/>
						<line hits="1" number="52"/>
						<line hits="1" number="53"/>
						<line hits="1" number="55"/>
						<line hits="1" number="57"/>
						<line hits="1" number="59"/>
						<line hits="1" number="60"/>
						<line hits="1" number="61"/>
						<line hits="1" number="62"/>
						<line hits="1" number="63"/>
						<line hits="1" number="65"/>
						<line hits="0" number="66"/>
						<line hits="1" number="68"/>
						<line branch="true" condition-coverage="0% (0/2)" hits="0" missing-branches="70,71" number="69"/>
						<line hits="0" number="70"/>
						<line branch="true" condition-coverage="0% (0/2)" hits="0" missing-branches="72,76" number="71"/>
						<line hits="0" number="72"/>
						<line branch="true" condition-coverage="0% (0/2)" hits="0" missing-branches="77,79" number="76"/>
						<line hits="0" number="77"/>
						<line hits="0" number="79"/>
						<line hits="1" number="81"/>
						<line hits="0" number="82"/>
						<line hits="1" number="84"/>
						<line hits="0" number="85"/>
						<line hits="1" number="87"/>
						<line hits="0" number="88"/>
						<line hits="1" number="90"/>
						<line branch="true" condition-coverage="0% (0/2)" hits="0" missing-branches="96,128" number="95"/>
						<line hits="0" number="96"/>
						<line hits="0" number="97"/>
						<line hits="0" number="98"/>
						<line hits="0" number="99"/>
						<line hits="0" number="100"/>
						<line branch="true" condition-coverage="0% (0/2)" hits="0" missing-branches="102,125" number="101"/>
						<line branch="true" condition-coverage="0% (0/2)" hits="0" missing-branches="103,109" number="102"/>
						<line branch="true" condition-coverage="0% (0/2)" hits="0" missing-branches="104,107" number="103"/>
						<line hits="0" number="104"/>
						<line hits="0" number="105"/>
						<line hits="0" number="107"/>
						<line branch="true" condition-coverage="0% (0/2)" hits="0" missing-branches="110,121" number="109"/>
						<line hits="0" number="110"/>
						<line branch="true" condition-coverage="0% (0/2)" hits="0" missing-branches="114,119" number="113"/>
						<line hits="0" number="114"/>
						<line hits="0" number="115"/>
						<line hits="0" number="119"/>
						<line branch="true" condition-coverage="0% (0/2)" hits="0" missing-branches="101,122" number="121"/>
						<line hits="0" number="122"/>
						<line hits="0" number="123"/>
						<line branch="true" condition-coverage="0% (0/2)" hits="0" missing-branches="exit,126" number="125"/>
						<line hits="0" number="126"/>
						<line hits="0" number="128"/>
						<line hits="1" number="130"/>
						<line hits="0" number="132"/>
						<line hits="1" number="134"/>
						<line branch="true" condition-coverage="0% (0/2)" hits="0" missing-branches="139,144" number="138"/>
						<line hits="0" number="139"/>
						<line hits="0" number="140"/>
						<line hits="0" number="141"/>
						<line hits="0" number="142"/>
						<line hits="0" number="143"/>
						<line hits="0" number="144"/>
					</lines>
				</class>
				<class branch-rate="0.002849" complexity="0" filename="myvenv/lib/python3.5/site-packages/django/contrib/admin/options.py" line-rate="0.01751" name="options.py">
					<methods/>
					<lines>
						<line hits="0" number="1"/>
						<line hits="0" number="2"/>
						<line hits="0" number="3"/>
						<line hits="0" number="4"/>
						<line hits="0" number="5"/>
						<line hits="0" number="6"/>
						<line hits="0" number="7"/>
						<line hits="0" number="9"/>
						<line hits="0" number="10"/>
						<line hits="0" number="11"/>
						<line hits="0" number="12"/>
						<line hits="0" number="13"/>
						<line hits="0" number="16"/>
						<line hits="0" number="17"/>
						<line hits="0" number="18"/>
						<line hits="0" number="23"/>
						<line hits="0" number="24"/>
						<line hits="0" number="27"/>
						<line hits="0" number="28"/>
						<line hits="0" number="31"/>
						<line hits="0" number="32"/>
						<line hits="0" number="33"/>
						<line hits="0" number="34"/>
						<line hits="0" number="35"/>
						<line hits="0" number="36"/>
						<line hits="0" number="40"/>
						<line hits="0" number="41"/>
						<line hits="0" number="42"/>
						<line hits="0" number="43"/>
						<line hits="0" number="44"/>
						<line hits="0" number="45"/>
						<line hits="0" number="46"/>
						<line hits="0" number="47"/>
						<line hits="0" number="48"/>
						<line hits="0" number="49"/>
						<line hits="0" number="50"/>
						<line hits="0" number="51"/>
						<line hits="0" number="52"/>
						<line hits="0" number="54"/>
						<line hits="0" number="55"/>
						<line hits="0" number="58"/>
						<line hits="0" number="61"/>
						<line hits="0" number="64"/>
						<line hits="0" number="65"/>
						<line hits="0" number="68"/>
						<line hits="0" number="69"/>
						<line hits="0" number="72"/>
						<line hits="0" number="73"/>
						<line hits="0" number="79"/>
						<line hits="0" number="96"/>
						<line hits="0" number="99"/>
						<line hits="0" number="102"/>
						<line hits="0" number="103"/>
						<line hits="0" number="104"/>
						<line hits="0" number="105"/>
						<line hits="0" number="106"/>
						<line hits="0" number="107"/>
						<line hits="0" number="108"/>
						<line hits="0" number="109"/>
						<line hits="0" number="110"/>
						<line hits="0" number="111"/>
						<line hits="0" number="112"/>
						<line hits="0" number="113"/>
						<line hits="0" number="114"/>
						<line hits="0" number="115"/>
						<line hits="0" number="116"/>
						<line hits="0" number="117"/>
						<line hits="0" number="119"/>
						<line hits="1" number="120"/>
						<line hits="0" number="122"/>
						<line hits="1" number="125"/>
						<line branch="true" condition-coverage="50% (1/2)" hits="1" missing-branches="127" number="126"/>
						<line hits="0" number="127"/>
						<line hits="1" number="128"/>
						<line hits="0" number="130"/>
						<line branch="true" condition-coverage="0% (0/2)" hits="0" missing-branches="140,143" number="139"/>
						<line hits="0" number="140"/>
						<line branch="true" condition-coverage="0% (0/2)" hits="0" missing-branches="148,178" number="143"/>
						<line branch="true" condition-coverage="0% (0/2)" hits="0" missing-branches="149,152" number="148"/>
						<line hits="0" number="149"/>
						<line branch="true" condition-coverage="0% (0/2)" hits="0" missing-branches="153,154" number="152"/>
						<line hits="0" number="153"/>
						<line branch="true" condition-coverage="0% (0/2)" hits="0" missing-branches="155,161" number="154"/>
						<line hits="0" number="155"/>
						<line branch="true" condition-coverage="0% (0/2)" hits="0" missing-branches="162,174" number="161"/>
						<line hits="0" number="162"/>
						<line hits="0" number="163"/>
						<line branch="true" condition-coverage="0% (0/2)" hits="0" missing-branches="165,170" number="164"/>
						<line hits="0" number="165"/>
						<line hits="0" number="170"/>
						<line hits="0" number="174"/>
						<line branch="true" condition-coverage="0% (0/2)" hits="0" missing-branches="179,184" number="178"/>
						<line branch="true" condition-coverage="0% (0/2)" hits="0" missing-branches="178,180" number="179"/>
						<line hits="0" number="180"/>
						<line hits="0" number="181"/>
						<line hits="0" number="184"/>
						<line hits="0" number="186"/>
						<line branch="true" condition-coverage="0% (0/2)" hits="0" missing-branches="193,202" number="191"/>
						<line branch="true" condition-coverage="0% (0/2)" hits="0" missing-branches="194,197" number="193"/>
						<line hits="0" number="194"/>
						<line branch="true" condition-coverage="0% (0/2)" hits="0" missing-branches="198,202" number="197"/>
						<line hits="0" number="198"/>
						<line hits="0" number="202"/>
						<line hits="0" number="204"/>
						<line hits="0" number="210"/>
						<line branch="true" condition-coverage="0% (0/2)" hits="0" missing-branches="212,215" number="211"/>
						<line hits="0" number="212"/>
						<line branch="true" condition-coverage="0% (0/2)" hits="0" missing-branches="214,215" number="213"/>
						<line hits="0" number="214"/>
						<line hits="0" number="215"/>
						<line hits="0" number="217"/>
						<line hits="0" number="221"/>
						<line branch="true" condition-coverage="0% (0/2)" hits="0" missing-branches="224,225" number="223"/>
						<line hits="0" number="224"/>
						<line branch="true" condition-coverage="0% (0/2)" hits="0" missing-branches="226,227" number="225"/>
						<line hits="0" number="226"/>
						<line branch="true" condition-coverage="0% (0/2)" hits="0" missing-branches="228,233" number="227"/>
						<line hits="0" number="228"/>
						<line hits="0" number="231"/>
						<line branch="true" condition-coverage="0% (0/2)" hits="0" missing-branches="234,238" number="233"/>
						<line hits="0" number="234"/>
						<line branch="true" condition-coverage="0% (0/2)" hits="0" missing-branches="236,238" number="235"/>
						<line hits="0" number="236"/>
						<line hits="0" number="238"/>
						<line hits="0" number="240"/>
						<line branch="true" condition-coverage="0% (0/2)" hits="0" missing-branches="247,248" number="246"/>
						<line hits="0" number="247"/>
						<line hits="0" number="248"/>
						<line hits="0" number="250"/>
						<line branch="true" condition-coverage="0% (0/2)" hits="0" missing-branches="252,253" number="251"/>
						<line hits="0" number="252"/>
						<line branch="true" condition-coverage="0% (0/2)" hits="0" missing-branches="254,255" number="253"/>
						<line hits="0" number="254"/>
						<line branch="true" condition-coverage="0% (0/2)" hits="0" missing-branches="256,261" number="255"/>
						<line hits="0" number="256"/>
						<line branch="true" condition-coverage="0% (0/2)" hits="0" missing-branches="262,266" number="261"/>
						<line hits="0" number="262"/>
						<line branch="true" condition-coverage="0% (0/2)" hits="0" missing-branches="264,266" number="263"/>
						<line hits="0" number="264"/>
						<line hits="0" number="266"/>
						<line branch="true" condition-coverage="0% (0/2)" hits="0" missing-branches="269,272" number="267"/>
						<line hits="0" number="269"/>
						<line hits="0" number="270"/>
						<line hits="0" number="271"/>
						<line hits="0" number="272"/>
						<line hits="0" number="274"/>
						<line hits="0" number="279"/>
						<line hits="0" number="281"/>
						<line branch="true" condition-coverage="0% (0/2)" hits="0" missing-branches="283,285" number="282"/>
						<line hits="0" number="283"/>
						<line branch="true" condition-coverage="0% (0/2)" hits="0" missing-branches="286,287" number="285"/>
						<line hits="0" number="286"/>
						<line branch="true" condition-coverage="0% (0/2)" hits="0" missing-branches="exit,289" number="287"/>
						<line hits="0" number="289"/>
						<line hits="0" number="294"/>
						<line hits="0" number="298"/>
						<line hits="0" number="299"/>
						<line hits="0" number="300"/>
						<line hits="0" number="301"/>
						<line hits="0" number="303"/>
						<line hits="0" number="307"/>
						<line hits="0" number="309"/>
						<line branch="true" condition-coverage="0% (0/2)" hits="0" missing-branches="314,316" number="313"/>
						<line hits="0" number="314"/>
						<line hits="0" number="316"/>
						<line hits="0" number="317"/>
						<line hits="0" number="319"/>
						<line branch="true" condition-coverage="0% (0/2)" hits="0" missing-branches="324,325" number="323"/>
						<line hits="0" number="324"/>
						<line hits="0" number="325"/>
						<line hits="0" number="327"/>
						<line hits="0" number="331"/>
						<line hits="0" number="333"/>
						<line hits="0" number="337"/>
						<line hits="0" number="339"/>
						<line hits="0" number="343"/>
						<line hits="0" number="345"/>
						<line hits="0" number="350"/>
						<line hits="0" number="352"/>
						<line branch="true" condition-coverage="0% (0/2)" hits="0" missing-branches="354,355" number="353"/>
						<line hits="0" number="354"/>
						<line hits="0" number="355"/>
						<line hits="0" number="357"/>
						<line hits="0" number="358"/>
						<line hits="0" number="360"/>
						<line branch="true" condition-coverage="0% (0/2)" hits="0" missing-branches="366,372" number="364"/>
						<line branch="true" condition-coverage="0% (0/2)" hits="0" missing-branches="367,368" number="366"/>
						<line hits="0" number="367"/>
						<line branch="true" condition-coverage="0% (0/2)" hits="0" missing-branches="364,369" number="368"/>
						<line branch="true" condition-coverage="0% (0/2)" hits="0" missing-branches="368,370" number="369"/>
						<line hits="0" number="370"/>
						<line hits="0" number="372"/>
						<line hits="0" number="373"/>
						<line branch="true" condition-coverage="0% (0/2)" hits="0" missing-branches="375,394" number="374"/>
						<line hits="0" number="375"/>
						<line hits="0" number="376"/>
						<line hits="0" number="377"/>
						<line hits="0" number="380"/>
						<line branch="true" condition-coverage="0% (0/2)" hits="0" missing-branches="386,387" number="384"/>
						<line hits="0" number="386"/>
						<line branch="true" condition-coverage="0% (0/2)" hits="0" missing-branches="390,391" number="387"/>
						<line hits="0" number="390"/>
						<line hits="0" number="391"/>
						<line hits="0" number="392"/>
						<line branch="true" condition-coverage="0% (0/2)" hits="0" missing-branches="396,397" number="394"/>
						<line hits="0" number="396"/>
						<line hits="0" number="397"/>
						<line branch="true" condition-coverage="0% (0/2)" hits="0" missing-branches="399,407" number="398"/>
						<line branch="true" condition-coverage="0% (0/2)" hits="0" missing-branches="400,401" number="399"/>
						<line hits="0" number="400"/>
						<line branch="true" condition-coverage="0% (0/2)" hits="0" missing-branches="402,404" number="401"/>
						<line hits="0" number="402"/>
						<line hits="0" number="404"/>
						<line hits="0" number="407"/>
						<line hits="0" number="412"/>
						<line hits="0" number="417"/>
						<line hits="0" number="419"/>
						<line hits="0" number="420"/>
						<line hits="0" number="421"/>
						<line hits="0" number="422"/>
						<line branch="true" condition-coverage="0% (0/2)" hits="0" missing-branches="427,431" number="426"/>
						<line hits="0" number="427"/>
						<line branch="true" condition-coverage="0% (0/2)" hits="0" missing-branches="432,437" number="431"/>
						<line branch="true" condition-coverage="0% (0/2)" hits="0" missing-branches="431,433" number="432"/>
						<line hits="0" number="433"/>
						<line hits="0" number="437"/>
						<line branch="true" condition-coverage="0% (0/2)" hits="0" missing-branches="439,443" number="438"/>
						<line hits="0" number="439"/>
						<line branch="true" condition-coverage="0% (0/2)" hits="0" missing-branches="438,441" number="440"/>
						<line hits="0" number="441"/>
						<line branch="true" condition-coverage="0% (0/2)" hits="0" missing-branches="exit,447" number="443"/>
						<line branch="true" condition-coverage="0% (0/2)" hits="0" missing-branches="448,455" number="447"/>
						<line hits="0" number="448"/>
						<line hits="0" number="449"/>
						<line branch="true" condition-coverage="0% (0/3)" hits="0" missing-branches="exit,447,453" number="450"/>
						<line hits="0" number="453"/>
						<line hits="0" number="455"/>
						<line hits="0" number="457"/>
						<line hits="0" number="462"/>
						<line hits="0" number="463"/>
						<line hits="0" number="464"/>
						<line hits="0" number="466"/>
						<line hits="0" number="477"/>
						<line hits="0" number="478"/>
						<line hits="0" number="479"/>
						<line hits="0" number="481"/>
						<line hits="0" number="492"/>
						<line hits="0" number="493"/>
						<line hits="0" number="494"/>
						<line hits="0" number="496"/>
						<line hits="0" number="507"/>
						<line hits="0" number="510"/>
						<line hits="0" number="513"/>
						<line hits="0" number="514"/>
						<line hits="0" number="515"/>
						<line hits="0" number="516"/>
						<line hits="0" number="517"/>
						<line hits="0" number="518"/>
						<line hits="0" number="519"/>
						<line hits="0" number="520"/>
						<line hits="0" number="521"/>
						<line hits="0" number="522"/>
						<line hits="0" number="523"/>
						<line hits="0" number="524"/>
						<line hits="0" number="525"/>
						<line hits="0" number="526"/>
						<line hits="0" number="527"/>
						<line hits="0" number="530"/>
						<line hits="0" number="531"/>
						<line hits="0" number="532"/>
						<line hits="0" number="533"/>
						<line hits="0" number="534"/>
						<line hits="0" number="535"/>
						<line hits="0" number="536"/>
						<line hits="0" number="539"/>
						<line hits="0" number="540"/>
						<line hits="0" number="541"/>
						<line hits="0" number="542"/>
						<line hits="0" number="543"/>
						<line hits="0" number="544"/>
						<line hits="0" number="546"/>
						<line hits="1" number="547"/>
						<line hits="1" number="548"/>
						<line hits="1" number="549"/>
						<line hits="1" number="550"/>
						<line hits="0" number="552"/>
						<line hits="0" number="553"/>
						<line hits="0" number="555"/>
						<line hits="0" number="556"/>
						<line branch="true" condition-coverage="0% (0/2)" hits="0" missing-branches="558,568" number="557"/>
						<line hits="0" number="558"/>
						<line branch="true" condition-coverage="0% (0/2)" hits="0" missing-branches="560,566" number="559"/>
						<line branch="true" condition-coverage="0% (0/2)" hits="0" missing-branches="563,564" number="560"/>
						<line hits="0" number="563"/>
						<line branch="true" condition-coverage="0% (0/2)" hits="0" missing-branches="565,566" number="564"/>
						<line hits="0" number="565"/>
						<line hits="0" number="566"/>
						<line hits="0" number="568"/>
						<line hits="0" number="570"/>
						<line hits="1" number="571"/>
						<line hits="1" number="573"/>
						<line hits="1" number="574"/>
						<line hits="0" number="575"/>
						<line hits="1" number="576"/>
						<line hits="1" number="577"/>
						<line hits="1" number="579"/>
						<line hits="1" number="581"/>
						<line hits="1" number="593"/>
						<line hits="0" number="595"/>
						<line hits="1" number="597"/>
						<line hits="0" number="599"/>
						<line hits="0" number="601"/>
						<line hits="0" number="602"/>
						<line branch="true" condition-coverage="0% (0/2)" hits="0" missing-branches="exit,exit" number="612"/>
						<line hits="0" number="614"/>
						<line hits="0" number="620"/>
						<line hits="0" number="626"/>
						<line hits="0" number="627"/>
						<line hits="0" number="629"/>
						<line branch="true" condition-coverage="0% (0/2)" hits="0" missing-branches="635,637" number="634"/>
						<line hits="0" number="635"/>
						<line hits="0" number="637"/>
						<line hits="0" number="638"/>
						<line hits="0" number="639"/>
						<line hits="0" number="640"/>
						<line hits="0" number="641"/>
						<line branch="true" condition-coverage="0% (0/2)" hits="0" missing-branches="645,648" number="642"/>
						<line hits="0" number="645"/>
						<line hits="0" number="648"/>
						<line branch="true" condition-coverage="0% (0/2)" hits="0" missing-branches="exit,655" number="651"/>
						<line hits="0" number="655"/>
						<line hits="0" number="657"/>
						<line hits="0" number="663"/>
						<line branch="true" condition-coverage="0% (0/2)" hits="0" missing-branches="666,668" number="665"/>
						<line hits="0" number="666"/>
						<line hits="0" number="668"/>
						<line hits="0" number="669"/>
						<line hits="0" number="670"/>
						<line hits="0" number="671"/>
						<line hits="0" number="676"/>
						<line hits="0" number="680"/>
						<line hits="0" number="681"/>
						<line hits="0" number="683"/>
						<line hits="0" number="688"/>
						<line hits="0" number="689"/>
						<line branch="true" condition-coverage="0% (0/2)" hits="0" missing-branches="692,693" number="691"/>
						<line hits="0" number="692"/>
						<line hits="0" number="693"/>
						<line hits="0" number="694"/>
						<line hits="0" number="709"/>
						<line hits="0" number="715"/>
						<line hits="0" number="716"/>
						<line hits="0" number="717"/>
						<line hits="0" number="718"/>
						<line hits="0" number="719"/>
						<line hits="0" number="720"/>
						<line hits="0" number="721"/>
						<line hits="0" number="722"/>
						<line hits="0" number="724"/>
						<line hits="0" number="728"/>
						<line hits="0" number="731"/>
						<line branch="true" condition-coverage="0% (0/2)" hits="0" missing-branches="733,735" number="732"/>
						<line hits="0" number="733"/>
						<line hits="0" number="735"/>
						<line hits="0" number="737"/>
						<line hits="0" number="742"/>
						<line hits="0" number="745"/>
						<line hits="0" number="746"/>
						<line hits="0" number="751"/>
						<line branch="true" condition-coverage="0% (0/2)" hits="0" missing-branches="exit,756" number="755"/>
						<line hits="0" number="756"/>
						<line hits="0" number="758"/>
						<line hits="0" number="759"/>
						<line hits="0" number="761"/>
						<line hits="0" number="767"/>
						<line hits="0" number="768"/>
						<line hits="0" number="777"/>
						<line hits="0" number="783"/>
						<line hits="0" number="784"/>
						<line hits="0" number="793"/>
						<line hits="0" number="800"/>
						<line hits="0" number="801"/>
						<line hits="0" number="809"/>
						<line hits="0" number="813"/>
						<line hits="0" number="814"/>
						<line hits="0" number="816"/>
						<line branch="true" condition-coverage="0% (0/2)" hits="0" missing-branches="824,826" number="823"/>
						<line hits="0" number="824"/>
						<line hits="0" number="826"/>
						<line branch="true" condition-coverage="0% (0/2)" hits="0" missing-branches="830,835" number="829"/>
						<line hits="0" number="830"/>
						<line hits="0" number="831"/>
						<line branch="true" condition-coverage="0% (0/2)" hits="0" missing-branches="836,843" number="835"/>
						<line hits="0" number="836"/>
						<line branch="true" condition-coverage="0% (0/2)" hits="0" missing-branches="839,840" number="838"/>
						<line hits="0" number="839"/>
						<line branch="true" condition-coverage="0% (0/2)" hits="0" missing-branches="exit,835" number="840"/>
						<line hits="0" number="843"/>
						<line branch="true" condition-coverage="0% (0/2)" hits="0" missing-branches="exit,851" number="846"/>
						<line hits="0" number="851"/>
						<line hits="0" number="853"/>
						<line hits="0" number="858"/>
						<line branch="true" condition-coverage="0% (0/2)" hits="0" missing-branches="860,862" number="859"/>
						<line hits="0" number="860"/>
						<line hits="0" number="861"/>
						<line hits="0" number="862"/>
						<line hits="0" number="864"/>
						<line branch="true" condition-coverage="0% (0/2)" hits="0" missing-branches="872,878" number="871"/>
						<line hits="0" number="872"/>
						<line hits="0" number="873"/>
						<line branch="true" condition-coverage="0% (0/2)" hits="0" missing-branches="879,883" number="878"/>
						<line hits="0" number="879"/>
						<line hits="0" number="883"/>
						<line hits="0" number="884"/>
						<line hits="0" number="885"/>
						<line hits="0" number="886"/>
						<line branch="true" condition-coverage="0% (0/2)" hits="0" missing-branches="889,891" number="888"/>
						<line hits="0" number="889"/>
						<line hits="0" number="891"/>
						<line hits="0" number="892"/>
						<line hits="0" number="894"/>
						<line hits="0" number="899"/>
						<line hits="0" number="901"/>
						<line branch="true" condition-coverage="0% (0/2)" hits="0" missing-branches="908,911" number="907"/>
						<line hits="0" number="908"/>
						<line hits="0" number="911"/>
						<line hits="0" number="913"/>
						<line hits="0" number="918"/>
						<line hits="0" number="920"/>
						<line hits="0" number="925"/>
						<line hits="0" number="927"/>
						<line hits="0" number="932"/>
						<line hits="0" number="934"/>
						<line hits="0" number="940"/>
						<line branch="true" condition-coverage="0% (0/2)" hits="0" missing-branches="942,943" number="941"/>
						<line hits="0" number="942"/>
						<line branch="true" condition-coverage="0% (0/2)" hits="0" missing-branches="944,945" number="943"/>
						<line hits="0" number="944"/>
						<line branch="true" condition-coverage="0% (0/2)" hits="0" missing-branches="946,948" number="945"/>
						<line hits="0" number="946"/>
						<line hits="0" number="948"/>
						<line hits="0" number="950"/>
						<line hits="0" number="951"/>
						<line branch="true" condition-coverage="0% (0/2)" hits="0" missing-branches="953,965" number="952"/>
						<line branch="true" condition-coverage="0% (0/2)" hits="0" missing-branches="exit,955" number="953"/>
						<line branch="true" condition-coverage="0% (0/2)" hits="0" missing-branches="956,959" number="955"/>
						<line branch="true" condition-coverage="0% (0/2)" hits="0" missing-branches="exit,958" number="956"/>
						<line hits="0" number="958"/>
						<line branch="true" condition-coverage="0% (0/2)" hits="0" missing-branches="960,965" number="959"/>
						<line branch="true" condition-coverage="0% (0/2)" hits="0" missing-branches="961,965" number="960"/>
						<line branch="true" condition-coverage="0% (0/2)" hits="0" missing-branches="960,962" number="961"/>
						<line hits="0" number="962"/>
						<line hits="0" number="963"/>
						<line hits="0" number="965"/>
						<line hits="0" number="967"/>
						<line hits="0" number="971"/>
						<line branch="true" condition-coverage="0% (0/2)" hits="0" missing-branches="973,983" number="972"/>
						<line hits="0" number="973"/>
						<line hits="0" number="974"/>
						<line hits="0" number="975"/>
						<line branch="true" condition-coverage="0% (0/2)" hits="0" missing-branches="977,979" number="976"/>
						<line hits="0" number="977"/>
						<line hits="0" number="979"/>
						<line branch="true" condition-coverage="0% (0/2)" hits="0" missing-branches="982,983" number="981"/>
						<line hits="0" number="982"/>
						<line hits="0" number="983"/>
						<line hits="0" number="985"/>
						<line hits="0" number="989"/>
						<line hits="0" number="991"/>
						<line branch="true" condition-coverage="0% (0/2)" hits="0" missing-branches="1004,1014" number="1002"/>
						<line hits="0" number="1004"/>
						<line hits="0" number="1005"/>
						<line hits="0" number="1006"/>
						<line hits="0" number="1007"/>
						<line branch="true" condition-coverage="0% (0/2)" hits="0" missing-branches="exit,1009" number="1008"/>
						<line hits="0" number="1009"/>
						<line hits="0" number="1014"/>
						<line hits="0" number="1016"/>
						<line hits="0" number="1021"/>
						<line hits="0" number="1023"/>
						<line hits="0" number="1027"/>
						<line hits="0" number="1029"/>
						<line hits="0" number="1033"/>
						<line hits="0" number="1035"/>
						<line hits="0" number="1039"/>
						<line hits="0" number="1041"/>
						<line hits="0" number="1049"/>
						<line branch="true" condition-coverage="0% (0/2)" hits="0" missing-branches="exit,1051" number="1050"/>
						<line hits="0" number="1051"/>
						<line hits="0" number="1053"/>
						<line hits="0" number="1054"/>
						<line hits="0" number="1055"/>
						<line hits="0" number="1056"/>
						<line hits="0" number="1057"/>
						<line hits="0" number="1058"/>
						<line hits="0" number="1059"/>
						<line branch="true" condition-coverage="0% (0/2)" hits="0" missing-branches="1078,1080" number="1077"/>
						<line hits="0" number="1078"/>
						<line hits="0" number="1080"/>
						<line hits="0" number="1082"/>
						<line hits="0" number="1084"/>
						<line hits="0" number="1090"/>
						<line hits="0" number="1094"/>
						<line hits="0" number="1095"/>
						<line hits="0" number="1096"/>
						<line branch="true" condition-coverage="0% (0/2)" hits="0" missing-branches="1103,1105" number="1102"/>
						<line hits="0" number="1103"/>
						<line hits="0" number="1105"/>
						<line hits="0" number="1106"/>
						<line branch="true" condition-coverage="0% (0/2)" hits="0" missing-branches="1114,1132" number="1113"/>
						<line hits="0" number="1114"/>
						<line branch="true" condition-coverage="0% (0/2)" hits="0" missing-branches="1116,1118" number="1115"/>
						<line hits="0" number="1116"/>
						<line hits="0" number="1118"/>
						<line hits="0" number="1119"/>
						<line hits="0" number="1120"/>
						<line hits="0" number="1124"/>
						<line branch="true" condition-coverage="0% (0/2)" hits="0" missing-branches="1137,1150" number="1132"/>
						<line hits="0" number="1137"/>
						<line hits="0" number="1141"/>
						<line branch="true" condition-coverage="0% (0/2)" hits="0" missing-branches="1143,1144" number="1142"/>
						<line hits="0" number="1143"/>
						<line hits="0" number="1144"/>
						<line hits="0" number="1148"/>
						<line branch="true" condition-coverage="0% (0/2)" hits="0" missing-branches="1151,1161" number="1150"/>
						<line hits="0" number="1151"/>
						<line hits="0" number="1155"/>
						<line hits="0" number="1156"/>
						<line hits="0" number="1157"/>
						<line hits="0" number="1158"/>
						<line hits="0" number="1161"/>
						<line hits="0" number="1165"/>
						<line hits="0" number="1166"/>
						<line hits="0" number="1168"/>
						<line branch="true" condition-coverage="0% (0/2)" hits="0" missing-branches="1174,1193" number="1173"/>
						<line hits="0" number="1174"/>
						<line hits="0" number="1175"/>
						<line hits="0" number="1176"/>
						<line hits="0" number="1177"/>
						<line hits="0" number="1178"/>
						<line hits="0" number="1179"/>
						<line hits="0" number="1185"/>
						<line hits="0" number="1193"/>
						<line hits="0" number="1194"/>
						<line hits="0" number="1196"/>
						<line branch="true" condition-coverage="0% (0/2)" hits="0" missing-branches="1201,1210" number="1200"/>
						<line hits="0" number="1201"/>
						<line hits="0" number="1205"/>
						<line hits="0" number="1206"/>
						<line hits="0" number="1207"/>
						<line hits="0" number="1208"/>
						<line branch="true" condition-coverage="0% (0/2)" hits="0" missing-branches="1211,1223" number="1210"/>
						<line hits="0" number="1211"/>
						<line hits="0" number="1215"/>
						<line hits="0" number="1216"/>
						<line hits="0" number="1220"/>
						<line hits="0" number="1221"/>
						<line branch="true" condition-coverage="0% (0/2)" hits="0" missing-branches="1224,1236" number="1223"/>
						<line hits="0" number="1224"/>
						<line hits="0" number="1228"/>
						<line hits="0" number="1229"/>
						<line hits="0" number="1232"/>
						<line hits="0" number="1233"/>
						<line hits="0" number="1236"/>
						<line hits="0" number="1240"/>
						<line hits="0" number="1241"/>
						<line hits="0" number="1243"/>
						<line hits="0" number="1248"/>
						<line branch="true" condition-coverage="0% (0/2)" hits="0" missing-branches="1250,1256" number="1249"/>
						<line hits="0" number="1250"/>
						<line hits="0" number="1253"/>
						<line hits="0" number="1254"/>
						<line hits="0" number="1256"/>
						<line hits="0" number="1258"/>
						<line hits="0" number="1260"/>
						<line hits="0" number="1265"/>
						<line branch="true" condition-coverage="0% (0/2)" hits="0" missing-branches="1268,1274" number="1267"/>
						<line hits="0" number="1268"/>
						<line hits="0" number="1271"/>
						<line hits="0" number="1272"/>
						<line hits="0" number="1274"/>
						<line hits="0" number="1276"/>
						<line hits="0" number="1278"/>
						<line hits="0" number="1288"/>
						<line hits="0" number="1289"/>
						<line hits="0" number="1290"/>
						<line hits="0" number="1291"/>
						<line hits="0" number="1294"/>
						<line hits="0" number="1295"/>
						<line hits="0" number="1296"/>
						<line hits="0" number="1299"/>
						<line hits="0" number="1300"/>
						<line hits="0" number="1301"/>
						<line hits="0" number="1305"/>
						<line hits="0" number="1307"/>
						<line hits="0" number="1308"/>
						<line branch="true" condition-coverage="0% (0/2)" hits="0" missing-branches="1312,1341" number="1311"/>
						<line hits="0" number="1312"/>
						<line hits="0" number="1313"/>
						<line hits="0" number="1314"/>
						<line hits="0" number="1319"/>
						<line branch="true" condition-coverage="0% (0/2)" hits="0" missing-branches="1322,1327" number="1320"/>
						<line hits="0" number="1322"/>
						<line hits="0" number="1324"/>
						<line hits="0" number="1325"/>
						<line branch="true" condition-coverage="0% (0/2)" hits="0" missing-branches="1329,1331" number="1327"/>
						<line hits="0" number="1329"/>
						<line hits="0" number="1331"/>
						<line branch="true" condition-coverage="0% (0/2)" hits="0" missing-branches="1337,1339" number="1336"/>
						<line hits="0" number="1337"/>
						<line hits="0" number="1339"/>
						<line hits="0" number="1341"/>
						<line hits="0" number="1342"/>
						<line hits="0" number="1343"/>
						<line hits="0" number="1345"/>
						<line hits="0" number="1349"/>
						<line branch="true" condition-coverage="0% (0/2)" hits="0" missing-branches="1352,1364" number="1351"/>
						<line hits="0" number="1352"/>
						<line hits="0" number="1356"/>
						<line hits="0" number="1364"/>
						<line branch="true" condition-coverage="0% (0/2)" hits="0" missing-branches="1374,1383" number="1373"/>
						<line hits="0" number="1374"/>
						<line hits="0" number="1378"/>
						<line hits="0" number="1379"/>
						<line hits="0" number="1383"/>
						<line hits="0" number="1384"/>
						<line hits="0" number="1386"/>
						<line hits="0" number="1387"/>
						<line hits="0" number="1388"/>
						<line hits="0" number="1390"/>
						<line hits="0" number="1391"/>
						<line hits="0" number="1397"/>
						<line hits="0" number="1407"/>
						<line hits="0" number="1408"/>
						<line branch="true" condition-coverage="0% (0/2)" hits="0" missing-branches="1410,1418" number="1409"/>
						<line hits="0" number="1410"/>
						<line hits="0" number="1411"/>
						<line hits="0" number="1412"/>
						<line hits="0" number="1413"/>
						<line hits="0" number="1417"/>
						<line hits="0" number="1418"/>
						<line hits="0" number="1420"/>
						<line hits="0" number="1424"/>
						<line branch="true" condition-coverage="0% (0/2)" hits="0" missing-branches="1426,1433" number="1425"/>
						<line hits="0" number="1426"/>
						<line hits="0" number="1427"/>
						<line hits="0" number="1428"/>
						<line hits="0" number="1429"/>
						<line branch="true" condition-coverage="0% (0/2)" hits="0" missing-branches="1425,1432" number="1431"/>
						<line hits="0" number="1432"/>
						<line hits="0" number="1433"/>
						<line hits="0" number="1435"/>
						<line hits="0" number="1440"/>
						<line hits="0" number="1444"/>
						<line hits="0" number="1445"/>
						<line hits="0" number="1446"/>
						<line hits="0" number="1448"/>
						<line hits="0" number="1449"/>
						<line hits="0" number="1450"/>
						<line hits="0" number="1451"/>
						<line hits="0" number="1453"/>
						<line hits="0" number="1454"/>
						<line branch="true" condition-coverage="0% (0/2)" hits="0" missing-branches="1456,1458" number="1455"/>
						<line hits="0" number="1456"/>
						<line hits="0" number="1458"/>
						<line hits="0" number="1459"/>
						<line branch="true" condition-coverage="0% (0/2)" hits="0" missing-branches="1462,1464" number="1461"/>
						<line hits="0" number="1462"/>
						<line hits="0" number="1464"/>
						<line branch="true" condition-coverage="0% (0/2)" hits="0" missing-branches="1467,1472" number="1466"/>
						<line branch="true" condition-coverage="0% (0/2)" hits="0" missing-branches="1468,1469" number="1467"/>
						<line hits="0" number="1468"/>
						<line hits="0" number="1469"/>
						<line hits="0" number="1472"/>
						<line branch="true" condition-coverage="0% (0/2)" hits="0" missing-branches="1475,1477" number="1474"/>
						<line hits="0" number="1475"/>
						<line branch="true" condition-coverage="0% (0/2)" hits="0" missing-branches="1478,1480" number="1477"/>
						<line hits="0" number="1478"/>
						<line hits="0" number="1480"/>
						<line branch="true" condition-coverage="0% (0/2)" hits="0" missing-branches="1482,1503" number="1481"/>
						<line hits="0" number="1482"/>
						<line branch="true" condition-coverage="0% (0/2)" hits="0" missing-branches="1484,1487" number="1483"/>
						<line hits="0" number="1484"/>
						<line hits="0" number="1485"/>
						<line hits="0" number="1487"/>
						<line hits="0" number="1488"/>
						<line hits="0" number="1489"/>
						<line branch="true" condition-coverage="0% (0/2)" hits="0" missing-branches="1491,1501" number="1490"/>
						<line hits="0" number="1491"/>
						<line hits="0" number="1492"/>
						<line hits="0" number="1493"/>
						<line branch="true" condition-coverage="0% (0/2)" hits="0" missing-branches="1495,1498" number="1494"/>
						<line hits="0" number="1495"/>
						<line hits="0" number="1496"/>
						<line hits="0" number="1498"/>
						<line hits="0" number="1499"/>
						<line hits="0" number="1501"/>
						<line branch="true" condition-coverage="0% (0/2)" hits="0" missing-branches="1504,1508" number="1503"/>
						<line hits="0" number="1504"/>
						<line hits="0" number="1505"/>
						<line hits="0" number="1506"/>
						<line hits="0" number="1508"/>
						<line hits="0" number="1509"/>
						<line hits="0" number="1511"/>
						<line hits="0" number="1517"/>
						<line hits="0" number="1519"/>
						<line branch="true" condition-coverage="0% (0/2)" hits="0" missing-branches="1521,1523" number="1520"/>
						<line hits="0" number="1521"/>
						<line hits="0" number="1523"/>
						<line branch="true" condition-coverage="0% (0/2)" hits="0" missing-branches="1541,1546" number="1540"/>
						<line hits="0" number="1541"/>
						<line hits="0" number="1542"/>
						<line hits="0" number="1544"/>
						<line hits="0" number="1546"/>
						<line hits="0" number="1548"/>
						<line hits="0" number="1550"/>
						<line hits="0" number="1551"/>
						<line hits="0" number="1553"/>
						<line hits="0" number="1554"/>
						<line hits="0" number="1556"/>
						<line hits="0" number="1557"/>
						<line hits="0" number="1559"/>
						<line hits="0" number="1561"/>
						<line branch="true" condition-coverage="0% (0/2)" hits="0" missing-branches="exit,exit" number="1562"/>
						<line hits="0" number="1564"/>
						<line hits="0" number="1569"/>
						<line hits="0" number="1570"/>
						<line hits="0" number="1571"/>
						<line hits="0" number="1572"/>
						<line branch="true" condition-coverage="0% (0/2)" hits="0" missing-branches="1574,1578" number="1573"/>
						<line hits="0" number="1574"/>
						<line hits="0" number="1575"/>
						<line hits="0" number="1577"/>
						<line hits="0" number="1578"/>
						<line hits="0" number="1580"/>
						<line hits="0" number="1581"/>
						<line hits="0" number="1585"/>
						<line hits="0" number="1586"/>
						<line hits="0" number="1587"/>
						<line branch="true" condition-coverage="0% (0/2)" hits="0" missing-branches="1589,1591" number="1588"/>
						<line hits="0" number="1589"/>
						<line hits="0" number="1591"/>
						<line hits="0" number="1592"/>
						<line hits="0" number="1593"/>
						<line branch="true" condition-coverage="0% (0/2)" hits="0" missing-branches="1601,1604" number="1600"/>
						<line hits="0" number="1601"/>
						<line hits="0" number="1604"/>
						<line hits="0" number="1610"/>
						<line hits="0" number="1611"/>
						<line hits="0" number="1613"/>
						<line branch="true" condition-coverage="0% (0/2)" hits="0" missing-branches="1617,1630" number="1615"/>
						<line branch="true" condition-coverage="0% (0/2)" hits="0" missing-branches="1618,1624" number="1617"/>
						<line hits="0" number="1618"/>
						<line branch="true" condition-coverage="0% (0/2)" hits="0" missing-branches="1620,1622" number="1619"/>
						<line hits="0" number="1620"/>
						<line hits="0" number="1622"/>
						<line hits="0" number="1624"/>
						<line hits="0" number="1626"/>
						<line hits="0" number="1627"/>
						<line branch="true" condition-coverage="0% (0/2)" hits="0" missing-branches="1633,1640" number="1630"/>
						<line branch="true" condition-coverage="0% (0/2)" hits="0" missing-branches="1634,1640" number="1633"/>
						<line hits="0" number="1634"/>
						<line branch="true" condition-coverage="0% (0/2)" hits="0" missing-branches="1636,1638" number="1635"/>
						<line hits="0" number="1636"/>
						<line hits="0" number="1638"/>
						<line branch="true" condition-coverage="0% (0/2)" hits="0" missing-branches="1644,1649" number="1640"/>
						<line hits="0" number="1644"/>
						<line hits="0" number="1649"/>
						<line branch="true" condition-coverage="0% (0/2)" hits="0" missing-branches="1653,1681" number="1652"/>
						<line hits="0" number="1653"/>
						<line hits="0" number="1654"/>
						<line hits="0" number="1655"/>
						<line branch="true" condition-coverage="0% (0/2)" hits="0" missing-branches="1657,1686" number="1656"/>
						<line hits="0" number="1657"/>
						<line branch="true" condition-coverage="0% (0/2)" hits="0" missing-branches="1659,1667" number="1658"/>
						<line branch="true" condition-coverage="0% (0/2)" hits="0" missing-branches="1658,1660" number="1659"/>
						<line hits="0" number="1660"/>
						<line hits="0" number="1661"/>
						<line hits="0" number="1662"/>
						<line hits="0" number="1663"/>
						<line hits="0" number="1664"/>
						<line hits="0" number="1665"/>
						<line branch="true" condition-coverage="0% (0/2)" hits="0" missing-branches="1668,1678" number="1667"/>
						<line hits="0" number="1668"/>
						<line hits="0" number="1676"/>
						<line hits="0" number="1678"/>
						<line branch="true" condition-coverage="0% (0/2)" hits="0" missing-branches="1682,1686" number="1681"/>
						<line hits="0" number="1682"/>
						<line hits="0" number="1683"/>
						<line branch="true" condition-coverage="0% (0/2)" hits="0" missing-branches="1687,1689" number="1686"/>
						<line hits="0" number="1687"/>
						<line hits="0" number="1689"/>
						<line branch="true" condition-coverage="0% (0/2)" hits="0" missing-branches="1693,1697" number="1692"/>
						<line hits="0" number="1693"/>
						<line hits="0" number="1694"/>
						<line hits="0" number="1695"/>
						<line hits="0" number="1697"/>
						<line hits="0" number="1699"/>
						<line hits="0" number="1705"/>
						<line hits="0" number="1723"/>
						<line hits="0" number="1725"/>
						<line hits="0" number="1727"/>
						<line hits="0" number="1733"/>
						<line hits="0" number="1734"/>
						<line hits="0" number="1735"/>
						<line hits="0" number="1736"/>
						<line hits="0" number="1738"/>
						<line hits="0" number="1740"/>
						<line hits="0" number="1741"/>
						<line hits="0" number="1743"/>
						<line branch="true" condition-coverage="0% (0/2)" hits="0" missing-branches="1745,1747" number="1744"/>
						<line hits="0" number="1745"/>
						<line hits="0" number="1747"/>
						<line branch="true" condition-coverage="0% (0/2)" hits="0" missing-branches="1750,1752" number="1749"/>
						<line hits="0" number="1750"/>
						<line branch="true" condition-coverage="0% (0/2)" hits="0" missing-branches="1753,1755" number="1752"/>
						<line hits="0" number="1753"/>
						<line hits="0" number="1755"/>
						<line hits="0" number="1759"/>
						<line branch="true" condition-coverage="0% (0/2)" hits="0" missing-branches="1763,1773" number="1762"/>
						<line branch="true" condition-coverage="0% (0/2)" hits="0" missing-branches="1764,1765" number="1763"/>
						<line hits="0" number="1764"/>
						<line hits="0" number="1765"/>
						<line hits="0" number="1766"/>
						<line hits="0" number="1767"/>
						<line hits="0" number="1768"/>
						<line hits="0" number="1769"/>
						<line hits="0" number="1771"/>
						<line hits="0" number="1773"/>
						<line branch="true" condition-coverage="0% (0/2)" hits="0" missing-branches="1776,1778" number="1775"/>
						<line hits="0" number="1776"/>
						<line hits="0" number="1778"/>
						<line hits="0" number="1780"/>
						<line hits="0" number="1796"/>
						<line hits="0" number="1798"/>
						<line hits="0" number="1800"/>
						<line hits="0" number="1802"/>
						<line hits="0" number="1804"/>
						<line hits="0" number="1805"/>
						<line branch="true" condition-coverage="0% (0/2)" hits="0" missing-branches="1807,1809" number="1806"/>
						<line hits="0" number="1807"/>
						<line branch="true" condition-coverage="0% (0/2)" hits="0" missing-branches="1810,1813" number="1809"/>
						<line hits="0" number="1810"/>
						<line hits="0" number="1813"/>
						<line hits="0" number="1814"/>
						<line hits="0" number="1815"/>
						<line hits="0" number="1820"/>
						<line hits="0" number="1829"/>
						<line hits="0" number="1831"/>
						<line hits="0" number="1833"/>
						<line hits="0" number="1839"/>
						<line hits="0" number="1841"/>
						<line hits="0" number="1842"/>
						<line hits="0" number="1843"/>
						<line hits="0" number="1844"/>
						<line branch="true" condition-coverage="0% (0/2)" hits="0" missing-branches="1846,1847" number="1845"/>
						<line hits="0" number="1846"/>
						<line branch="true" condition-coverage="0% (0/2)" hits="0" missing-branches="1848,1865" number="1847"/>
						<line hits="0" number="1848"/>
						<line hits="0" number="1849"/>
						<line branch="true" condition-coverage="0% (0/2)" hits="0" missing-branches="1851,1852" number="1850"/>
						<line hits="0" number="1851"/>
						<line hits="0" number="1852"/>
						<line branch="true" condition-coverage="0% (0/2)" hits="0" missing-branches="1858,1863" number="1857"/>
						<line hits="0" number="1858"/>
						<line hits="0" number="1863"/>
						<line hits="0" number="1864"/>
						<line hits="0" number="1865"/>
						<line hits="0" number="1868"/>
						<line hits="0" number="1876"/>
						<line hits="0" number="1877"/>
						<line hits="0" number="1878"/>
						<line hits="0" number="1879"/>
						<line hits="0" number="1880"/>
						<line hits="0" number="1881"/>
						<line hits="0" number="1882"/>
						<line hits="0" number="1883"/>
						<line hits="0" number="1884"/>
						<line hits="0" number="1885"/>
						<line hits="0" number="1886"/>
						<line hits="0" number="1887"/>
						<line hits="0" number="1888"/>
						<line hits="0" number="1890"/>
						<line hits="0" number="1891"/>
						<line hits="0" number="1892"/>
						<line hits="0" number="1893"/>
						<line hits="0" number="1894"/>
						<line hits="0" number="1895"/>
						<line branch="true" condition-coverage="0% (0/2)" hits="0" missing-branches="1897,1898" number="1896"/>
						<line hits="0" number="1897"/>
						<line branch="true" condition-coverage="0% (0/2)" hits="0" missing-branches="exit,1899" number="1898"/>
						<line hits="0" number="1899"/>
						<line hits="0" number="1901"/>
						<line hits="0" number="1903"/>
						<line hits="0" number="1904"/>
						<line branch="true" condition-coverage="0% (0/2)" hits="0" missing-branches="1907,1908" number="1906"/>
						<line hits="0" number="1907"/>
						<line branch="true" condition-coverage="0% (0/2)" hits="0" missing-branches="1909,1910" number="1908"/>
						<line hits="0" number="1909"/>
						<line branch="true" condition-coverage="0% (0/2)" hits="0" missing-branches="exit,exit" number="1910"/>
						<line hits="0" number="1912"/>
						<line hits="0" number="1914"/>
						<line hits="0" number="1916"/>
						<line hits="0" number="1918"/>
						<line hits="0" number="1920"/>
						<line hits="0" number="1922"/>
						<line hits="0" number="1924"/>
						<line branch="true" condition-coverage="0% (0/2)" hits="0" missing-branches="1927,1929" number="1926"/>
						<line hits="0" number="1927"/>
						<line hits="0" number="1929"/>
						<line hits="0" number="1930"/>
						<line hits="0" number="1931"/>
						<line hits="0" number="1932"/>
						<line branch="true" condition-coverage="0% (0/2)" hits="0" missing-branches="1936,1939" number="1933"/>
						<line hits="0" number="1936"/>
						<line hits="0" number="1939"/>
						<line hits="0" number="1940"/>
						<line hits="0" number="1941"/>
						<line hits="0" number="1954"/>
						<line hits="0" number="1955"/>
						<line hits="0" number="1957"/>
						<line hits="0" number="1958"/>
						<line branch="true" condition-coverage="0% (0/2)" hits="0" missing-branches="exit,1965" number="1964"/>
						<line hits="0" number="1965"/>
						<line hits="0" number="1966"/>
						<line branch="true" condition-coverage="0% (0/2)" hits="0" missing-branches="1968,1969" number="1967"/>
						<line hits="0" number="1968"/>
						<line hits="0" number="1969"/>
						<line branch="true" condition-coverage="0% (0/2)" hits="0" missing-branches="exit,1971" number="1970"/>
						<line hits="0" number="1971"/>
						<line branch="true" condition-coverage="0% (0/2)" hits="0" missing-branches="1973,1980" number="1972"/>
						<line hits="0" number="1973"/>
						<line hits="0" number="1980"/>
						<line hits="0" number="1983"/>
						<line hits="0" number="1986"/>
						<line hits="0" number="1988"/>
						<line hits="0" number="1989"/>
						<line hits="0" number="1990"/>
						<line hits="0" number="1991"/>
						<line hits="0" number="1993"/>
						<line branch="true" condition-coverage="0% (0/2)" hits="0" missing-branches="1996,1998" number="1995"/>
						<line hits="0" number="1996"/>
						<line hits="0" number="1998"/>
						<line hits="0" number="2000"/>
						<line hits="0" number="2001"/>
						<line hits="0" number="2003"/>
						<line hits="0" number="2004"/>
						<line branch="true" condition-coverage="0% (0/2)" hits="0" missing-branches="2006,2007" number="2005"/>
						<line hits="0" number="2006"/>
						<line hits="0" number="2007"/>
						<line hits="0" number="2009"/>
						<line branch="true" condition-coverage="0% (0/2)" hits="0" missing-branches="2015,2016" number="2010"/>
						<line hits="0" number="2015"/>
						<line hits="0" number="2016"/>
						<line hits="0" number="2018"/>
						<line hits="0" number="2019"/>
						<line branch="true" condition-coverage="0% (0/2)" hits="0" missing-branches="2023,2027" number="2020"/>
						<line branch="true" condition-coverage="0% (0/2)" hits="0" missing-branches="2024,2027" number="2023"/>
						<line branch="true" condition-coverage="0% (0/2)" hits="0" missing-branches="2023,2025" number="2024"/>
						<line hits="0" number="2025"/>
						<line hits="0" number="2026"/>
[...]
						<line hits="0" number="113"/>
						<line hits="0" number="114"/>
						<line hits="0" number="115"/>
						<line branch="true" condition-coverage="0% (0/2)" hits="0" missing-branches="exit,117" number="116"/>
						<line hits="0" number="117"/>
						<line hits="0" number="119"/>
						<line branch="true" condition-coverage="0% (0/2)" hits="0" missing-branches="exit,124" number="123"/>
						<line hits="0" number="124"/>
						<line branch="true" condition-coverage="0% (0/2)" hits="0" missing-branches="123,126" number="125"/>
						<line hits="0" number="126"/>
						<line hits="0" number="129"/>
						<line hits="0" number="134"/>
						<line hits="0" number="135"/>
						<line hits="0" number="137"/>
						<line hits="1" number="139"/>
						<line hits="1" number="141"/>
						<line hits="1" number="142"/>
						<line branch="true" condition-coverage="50% (1/2)" hits="1" missing-branches="144" number="143"/>
						<line hits="0" number="144"/>
						<line branch="true" condition-coverage="0% (0/2)" hits="0" missing-branches="exit,146" number="145"/>
						<line branch="true" condition-coverage="100% (2/2)" hits="1" number="146"/>
						<line hits="1" number="147"/>
						<line branch="true" condition-coverage="100% (2/2)" hits="1" number="149"/>
						<line hits="1" number="150"/>
						<line branch="true" condition-coverage="50% (1/2)" hits="1" missing-branches="146" number="151"/>
						<line hits="1" number="152"/>
						<line hits="1" number="153"/>
						<line hits="0" number="155"/>
						<line branch="true" condition-coverage="0% (0/2)" hits="0" missing-branches="exit,160" number="159"/>
						<line branch="true" condition-coverage="0% (0/2)" hits="0" missing-branches="159,161" number="160"/>
						<line branch="true" condition-coverage="0% (0/2)" hits="0" missing-branches="159,162" number="161"/>
						<line hits="0" number="162"/>
						<line hits="0" number="164"/>
						<line hits="0" number="168"/>
						<line branch="true" condition-coverage="0% (0/2)" hits="0" missing-branches="170,178" number="169"/>
						<line hits="0" number="170"/>
						<line branch="true" condition-coverage="0% (0/2)" hits="0" missing-branches="172,173" number="171"/>
						<line hits="0" number="172"/>
						<line hits="0" number="173"/>
						<line branch="true" condition-coverage="0% (0/2)" hits="0" missing-branches="169,175" number="174"/>
						<line branch="true" condition-coverage="0% (0/2)" hits="0" missing-branches="176,177" number="175"/>
						<line hits="0" number="176"/>
						<line hits="0" number="177"/>
						<line hits="0" number="178"/>
						<line hits="0" number="180"/>
						<line hits="0" number="184"/>
						<line branch="true" condition-coverage="0% (0/2)" hits="0" missing-branches="exit,187" number="185"/>
						<line branch="true" condition-coverage="0% (0/2)" hits="0" missing-branches="exit,188" number="187"/>
						<line hits="0" number="188"/>
						<line branch="true" condition-coverage="0% (0/2)" hits="0" missing-branches="exit,190" number="189"/>
						<line hits="0" number="190"/>
						<line hits="0" number="193"/>
						<line hits="0" number="198"/>
						<line hits="0" number="200"/>
						<line branch="true" condition-coverage="0% (0/2)" hits="0" missing-branches="202,203" number="201"/>
						<line hits="0" number="202"/>
						<line branch="true" condition-coverage="0% (0/2)" hits="0" missing-branches="204,208" number="203"/>
						<line hits="0" number="204"/>
						<line branch="true" condition-coverage="0% (0/2)" hits="0" missing-branches="209,210" number="208"/>
						<line hits="0" number="209"/>
						<line hits="0" number="210"/>
						<line hits="0" number="212"/>
						<line hits="0" number="216"/>
						<line hits="0" number="217"/>
						<line hits="0" number="218"/>
						<line hits="0" number="219"/>
						<line branch="true" condition-coverage="0% (0/2)" hits="0" missing-branches="222,223" number="221"/>
						<line hits="0" number="222"/>
						<line branch="true" condition-coverage="0% (0/2)" hits="0" missing-branches="224,228" number="223"/>
						<line hits="0" number="224"/>
						<line branch="true" condition-coverage="0% (0/2)" hits="0" missing-branches="226,227" number="225"/>
						<line hits="0" number="226"/>
						<line hits="0" number="227"/>
						<line hits="0" number="228"/>
						<line hits="0" number="230"/>
						<line branch="true" condition-coverage="0% (0/2)" hits="0" missing-branches="exit,235" number="234"/>
						<line hits="0" number="235"/>
						<line hits="0" number="238"/>
						<line hits="0" number="242"/>
						<line hits="0" number="244"/>
						<line hits="0" number="245"/>
						<line hits="0" number="246"/>
						<line branch="true" condition-coverage="0% (0/2)" hits="0" missing-branches="exit,248" number="247"/>
						<line hits="0" number="248"/>
						<line hits="0" number="253"/>
						<line hits="0" number="260"/>
						<line hits="0" number="261"/>
						<line branch="true" condition-coverage="0% (0/2)" hits="0" missing-branches="263,269" number="262"/>
						<line hits="0" number="263"/>
						<line branch="true" condition-coverage="0% (0/2)" hits="0" missing-branches="265,266" number="264"/>
						<line hits="0" number="265"/>
						<line branch="true" condition-coverage="0% (0/2)" hits="0" missing-branches="267,268" number="266"/>
						<line hits="0" number="267"/>
						<line hits="0" number="268"/>
						<line branch="true" condition-coverage="0% (0/2)" hits="0" missing-branches="270,272" number="269"/>
						<line hits="0" number="270"/>
						<line hits="0" number="272"/>
						<line hits="0" number="275"/>
						<line branch="true" condition-coverage="100% (2/2)" hits="1" number="276"/>
						<line hits="1" number="277"/>
						<line hits="0" number="280"/>
						<line hits="1" number="286"/>
						<line branch="true" condition-coverage="50% (1/2)" hits="1" missing-branches="288" number="287"/>
						<line hits="0" number="288"/>
						<line hits="1" number="290"/>
					</lines>
				</class>
			</classes>
		</package>
		<package branch-rate="1" complexity="0" line-rate="1" name="myvenv.lib.python3.5.site-packages.django.contrib.staticfiles.management">
			<classes>
				<class branch-rate="1" complexity="0" filename="myvenv/lib/python3.5/site-packages/django/contrib/staticfiles/management/__init__.py" line-rate="1" name="__init__.py">
					<methods/>
					<lines/>
				</class>
			</classes>
		</package>
		<package branch-rate="1" complexity="0" line-rate="0.7143" name="myvenv.lib.python3.5.site-packages.django.contrib.staticfiles.templatetags">
			<classes>
				<class branch-rate="1" complexity="0" filename="myvenv/lib/python3.5/site-packages/django/contrib/staticfiles/templatetags/__init__.py" line-rate="1" name="__init__.py">
					<methods/>
					<lines/>
				</class>
				<class branch-rate="1" complexity="0" filename="myvenv/lib/python3.5/site-packages/django/contrib/staticfiles/templatetags/staticfiles.py" line-rate="0.7143" name="staticfiles.py">
					<methods/>
					<lines>
						<line hits="1" number="1"/>
						<line hits="1" number="2"/>
						<line hits="1" number="6"/>
						<line hits="1" number="9"/>
						<line hits="0" number="12"/>
						<line hits="1" number="15"/>
						<line hits="0" number="19"/>
					</lines>
				</class>
			</classes>
		</package>
		<package branch-rate="0.125" complexity="0" line-rate="0.5051" name="myvenv.lib.python3.5.site-packages.django_jenkins">
			<classes>
				<class branch-rate="1" complexity="0" filename="myvenv/lib/python3.5/site-packages/django_jenkins/models.py" line-rate="1" name="models.py">
					<methods/>
					<lines/>
				</class>
				<class branch-rate="0.125" complexity="0" filename="myvenv/lib/python3.5/site-packages/django_jenkins/runner.py" line-rate="0.5051" name="runner.py">
					<methods/>
					<lines>
						<line hits="1" number="1"/>
						<line hits="1" number="2"/>
						<line hits="1" number="3"/>
						<line hits="1" number="4"/>
						<line hits="1" number="6"/>
						<line hits="1" number="8"/>
						<line hits="1" number="9"/>
						<line hits="1" number="12"/>
						<line hits="1" number="13"/>
						<line hits="1" number="14"/>
						<line hits="1" number="15"/>
						<line hits="1" number="16"/>
						<line hits="1" number="17"/>
						<line hits="1" number="19"/>
						<line hits="0" number="20"/>
						<line hits="0" number="21"/>
						<line hits="1" number="23"/>
						<line hits="1" number="24"/>
						<line hits="1" number="25"/>
						<line hits="1" number="26"/>
						<line hits="1" number="28"/>
						<line hits="0" number="29"/>
						<line hits="0" number="30"/>
						<line hits="1" number="32"/>
						<line hits="0" number="33"/>
						<line hits="0" number="34"/>
						<line hits="0" number="35"/>
						<line hits="0" number="36"/>
						<line hits="1" number="38"/>
						<line hits="0" number="39"/>
						<line hits="0" number="40"/>
						<line hits="0" number="41"/>
						<line hits="0" number="42"/>
						<line hits="1" number="44"/>
						<line hits="0" number="45"/>
						<line hits="0" number="46"/>
						<line hits="0" number="47"/>
						<line hits="0" number="48"/>
						<line hits="1" number="50"/>
						<line hits="0" number="51"/>
						<line hits="0" number="52"/>
						<line hits="0" number="53"/>
						<line hits="0" number="54"/>
						<line hits="1" number="56"/>
						<line hits="0" number="57"/>
						<line hits="0" number="58"/>
						<line hits="0" number="59"/>
						<line hits="0" number="60"/>
						<line hits="1" number="62"/>
						<line branch="true" condition-coverage="0% (0/2)" hits="0" missing-branches="64,74" number="63"/>
						<line hits="0" number="64"/>
						<line branch="true" condition-coverage="0% (0/2)" hits="0" missing-branches="66,69" number="65"/>
						<line hits="0" number="66"/>
						<line hits="0" number="67"/>
						<line hits="0" number="69"/>
						<line branch="true" condition-coverage="0% (0/2)" hits="0" missing-branches="71,74" number="70"/>
						<line hits="0" number="71"/>
						<line hits="0" number="72"/>
						<line hits="0" number="74"/>
						<line hits="1" number="76"/>
						<line hits="1" number="77"/>
						<line hits="1" number="78"/>
						<line hits="1" number="79"/>
						<line hits="1" number="80"/>
						<line hits="1" number="81"/>
						<line hits="1" number="82"/>
						<line hits="1" number="83"/>
						<line hits="1" number="84"/>
						<line hits="1" number="86"/>
						<line hits="0" number="87"/>
						<line hits="0" number="88"/>
						<line hits="0" number="89"/>
						<line hits="0" number="90"/>
						<line hits="0" number="91"/>
						<line hits="0" number="92"/>
						<line hits="0" number="94"/>
						<line hits="1" number="96"/>
						<line hits="0" number="98"/>
						<line hits="0" number="99"/>
						<line hits="1" number="101"/>
						<line hits="0" number="103"/>
						<line hits="0" number="104"/>
						<line hits="0" number="105"/>
						<line hits="0" number="106"/>
						<line hits="0" number="107"/>
						<line hits="1" number="109"/>
						<line branch="true" condition-coverage="50% (1/2)" hits="1" missing-branches="114" number="113"/>
						<line hits="0" number="114"/>
						<line hits="1" number="116"/>
						<line hits="1" number="117"/>
						<line hits="1" number="120"/>
						<line hits="1" number="121"/>
						<line hits="1" number="122"/>
						<line hits="1" number="123"/>
						<line hits="1" number="124"/>
						<line hits="1" number="126"/>
						<line hits="1" number="127"/>
						<line hits="1" number="134"/>
						<line hits="1" number="136"/>
					</lines>
				</class>
			</classes>
		</package>
		<package branch-rate="1" complexity="0" line-rate="1" name="myvenv.lib.python3.5.site-packages.django_jenkins.management">
			<classes>
				<class branch-rate="1" complexity="0" filename="myvenv/lib/python3.5/site-packages/django_jenkins/management/__init__.py" line-rate="1" name="__init__.py">
					<methods/>
					<lines/>
				</class>
			</classes>
		</package>
		<package branch-rate="0.5" complexity="0" line-rate="0.7849" name="myvenv.lib.python3.5.site-packages.django_jenkins.management.commands">
			<classes>
				<class branch-rate="1" complexity="0" filename="myvenv/lib/python3.5/site-packages/django_jenkins/management/commands/__init__.py" line-rate="1" name="__init__.py">
					<methods/>
					<lines/>
				</class>
				<class branch-rate="0.5" complexity="0" filename="myvenv/lib/python3.5/site-packages/django_jenkins/management/commands/jenkins.py" line-rate="0.7849" name="jenkins.py">
					<methods/>
					<lines>
						<line hits="1" number="1"/>
						<line hits="1" number="2"/>
						<line hits="1" number="3"/>
						<line hits="1" number="4"/>
						<line hits="1" number="6"/>
						<line hits="1" number="7"/>
						<line hits="1" number="8"/>
						<line hits="1" number="10"/>
						<line hits="1" number="13"/>
						<line branch="true" condition-coverage="50% (1/2)" hits="1" missing-branches="18" number="14"/>
						<line hits="1" number="15"/>
						<line hits="1" number="18"/>
						<line hits="1" number="19"/>
						<line hits="1" number="20"/>
						<line branch="true" condition-coverage="50% (1/2)" hits="1" missing-branches="23" number="22"/>
						<line hits="0" number="23"/>
						<line hits="1" number="25"/>
						<line hits="1" number="28"/>
						<line hits="1" number="29"/>
						<line hits="1" number="30"/>
						<line branch="true" condition-coverage="100% (2/2)" hits="1" number="31"/>
						<line branch="true" condition-coverage="100% (2/2)" hits="1" number="33"/>
						<line hits="1" number="34"/>
						<line hits="1" number="36"/>
						<line hits="1" number="42"/>
						<line branch="true" condition-coverage="100% (2/2)" hits="1" number="43"/>
						<line branch="true" condition-coverage="50% (1/2)" hits="1" missing-branches="45" number="44"/>
						<line hits="0" number="45"/>
						<line hits="0" number="46"/>
						<line hits="1" number="47"/>
						<line hits="1" number="49"/>
						<line hits="1" number="50"/>
						<line hits="1" number="52"/>
						<line hits="1" number="53"/>
						<line hits="1" number="54"/>
						<line hits="1" number="56"/>
						<line hits="1" number="59"/>
						<line hits="1" number="62"/>
						<line hits="1" number="66"/>
						<line hits="1" number="70"/>
						<line hits="1" number="73"/>
						<line hits="1" number="77"/>
						<line branch="true" condition-coverage="50% (1/2)" hits="1" missing-branches="79" number="78"/>
						<line branch="true" condition-coverage="0% (0/2)" hits="0" missing-branches="78,80" number="79"/>
						<line hits="0" number="80"/>
						<line hits="1" number="82"/>
						<line branch="true" condition-coverage="50% (1/2)" hits="1" missing-branches="exit" number="84"/>
						<line hits="1" number="85"/>
						<line hits="1" number="87"/>
						<line hits="1" number="88"/>
						<line hits="1" number="89"/>
						<line branch="true" condition-coverage="50% (1/2)" hits="1" missing-branches="92" number="91"/>
						<line hits="0" number="92"/>
						<line hits="0" number="93"/>
						<line hits="1" number="95"/>
						<line branch="true" condition-coverage="50% (1/2)" hits="1" missing-branches="99" number="96"/>
						<line hits="1" number="97"/>
						<line hits="1" number="99"/>
						<line branch="true" condition-coverage="50% (1/2)" hits="1" missing-branches="102" number="101"/>
						<line hits="0" number="102"/>
						<line hits="1" number="104"/>
						<line branch="true" condition-coverage="50% (1/2)" hits="1" missing-branches="107" number="106"/>
						<line hits="0" number="107"/>
						<line hits="1" number="109"/>
						<line hits="1" number="111"/>
						<line branch="true" condition-coverage="50% (1/2)" hits="1" missing-branches="119" number="112"/>
						<line branch="true" condition-coverage="50% (1/2)" hits="1" missing-branches="116" number="113"/>
						<line hits="1" number="114"/>
						<line hits="1" number="116"/>
						<line branch="true" condition-coverage="0% (0/2)" hits="0" missing-branches="120,124" number="119"/>
						<line branch="true" condition-coverage="0% (0/2)" hits="0" missing-branches="121,122" number="120"/>
						<line hits="0" number="121"/>
						<line hits="0" number="122"/>
						<line branch="true" condition-coverage="0% (0/2)" hits="0" missing-branches="exit,125" number="124"/>
						<line hits="0" number="125"/>
						<line hits="1" number="127"/>
						<line hits="1" number="128"/>
						<line hits="1" number="130"/>
						<line branch="true" condition-coverage="50% (1/2)" hits="1" missing-branches="132" number="131"/>
						<line hits="0" number="132"/>
						<line branch="true" condition-coverage="50% (1/2)" hits="1" missing-branches="134" number="133"/>
						<line hits="0" number="134"/>
						<line branch="true" condition-coverage="50% (1/2)" hits="1" missing-branches="136" number="135"/>
						<line hits="0" number="136"/>
						<line hits="0" number="137"/>
						<line hits="1" number="139"/>
						<line hits="1" number="140"/>
						<line branch="true" condition-coverage="100% (2/2)" hits="1" number="142"/>
						<line hits="1" number="143"/>
						<line branch="true" condition-coverage="50% (1/2)" hits="1" missing-branches="147" number="144"/>
						<line hits="1" number="145"/>
						<line hits="0" number="147"/>
						<line hits="1" number="149"/>
					</lines>
				</class>
			</classes>
		</package>
		<package branch-rate="0" complexity="0" line-rate="0.02326" name="myvenv.lib.python3.5.site-packages.django_jenkins.tasks">
			<classes>
				<class branch-rate="0" complexity="0" filename="myvenv/lib/python3.5/site-packages/django_jenkins/tasks/with_coverage.py" line-rate="0.02326" name="with_coverage.py">
					<methods/>
					<lines>
						<line hits="0" number="1"/>
						<line hits="0" number="2"/>
						<line hits="0" number="3"/>
						<line hits="0" number="5"/>
						<line hits="0" number="8"/>
						<line hits="0" number="9"/>
						<line hits="0" number="10"/>
						<line hits="0" number="11"/>
						<line hits="0" number="12"/>
						<line hits="0" number="13"/>
						<line branch="true" condition-coverage="0% (0/2)" hits="0" missing-branches="16,18" number="15"/>
						<line hits="0" number="16"/>
						<line hits="0" number="18"/>
						<line branch="true" condition-coverage="0% (0/2)" hits="0" missing-branches="20,23" number="19"/>
						<line branch="true" condition-coverage="0% (0/2)" hits="0" missing-branches="19,21" number="20"/>
						<line hits="0" number="21"/>
						<line hits="0" number="23"/>
						<line hits="0" number="26"/>
						<line hits="0" number="28"/>
						<line hits="1" number="29"/>
						<line hits="0" number="30"/>
						<line hits="0" number="31"/>
						<line branch="true" condition-coverage="0% (0/2)" hits="0" missing-branches="34,35" number="33"/>
						<line hits="0" number="34"/>
						<line branch="true" condition-coverage="0% (0/2)" hits="0" missing-branches="36,37" number="35"/>
						<line hits="0" number="36"/>
						<line branch="true" condition-coverage="0% (0/2)" hits="0" missing-branches="exit,39" number="37"/>
						<line hits="0" number="39"/>
						<line hits="0" number="41"/>
						<line hits="0" number="42"/>
						<line hits="0" number="45"/>
						<line branch="true" condition-coverage="0% (0/2)" hits="0" missing-branches="47,53" number="46"/>
						<line hits="0" number="47"/>
						<line hits="0" number="48"/>
						<line hits="0" number="49"/>
						<line hits="0" number="50"/>
						<line hits="0" number="53"/>
						<line branch="true" condition-coverage="0% (0/4)" hits="0" missing-branches="exit,exit,exit,exit" number="55"/>
						<line hits="0" number="61"/>
						<line hits="0" number="62"/>
						<line branch="true" condition-coverage="0% (0/2)" hits="0" missing-branches="64,65" number="63"/>
						<line hits="0" number="64"/>
						<line hits="0" number="65"/>
					</lines>
				</class>
			</classes>
		</package>
	</packages>
</coverage>
